2018-02-22 15:40:41 [scrapy.utils.log] INFO: Scrapy 1.4.0 started (bot: bigSpider)
2018-02-22 15:40:41 [scrapy.utils.log] INFO: Overridden settings: {'NEWSPIDER_MODULE': 'bigSpider.spiders', 'LOG_FILE': 'logs/bigSpider/universalSpider/ab67b93317a311e8ab62a45e60bba9a9.log', 'DUPEFILTER_CLASS': 'scrapy_splash.SplashAwareDupeFilter', 'SPIDER_MODULES': ['bigSpider.spiders'], 'BOT_NAME': 'bigSpider', 'REDIRECT_ENABLED': False, 'FEED_EXPORT_ENCODING': 'utf-8', 'HTTPCACHE_STORAGE': 'scrapy_splash.SplashAwareFSCacheStorage', 'DOWNLOAD_DELAY': 2.05}
2018-02-22 15:40:41 [scrapy.middleware] INFO: Enabled extensions:
['scrapy.extensions.memusage.MemoryUsage',
 'scrapy.extensions.logstats.LogStats',
 'scrapy.extensions.telnet.TelnetConsole',
 'scrapy.extensions.corestats.CoreStats']
2018-02-22 15:40:41 [py.warnings] WARNING: /Volumes/FHCLK/develop/python/commonCrawler/lib/python2.7/site-packages/scrapy/utils/deprecate.py:156: ScrapyDeprecationWarning: `scrapy.contrib.downloadermiddleware.robotstxt.RobotsTxtMiddleware` class is deprecated, use `scrapy.downloadermiddlewares.robotstxt.RobotsTxtMiddleware` instead
  ScrapyDeprecationWarning)

2018-02-22 15:40:41 [py.warnings] WARNING: /Volumes/FHCLK/develop/python/commonCrawler/lib/python2.7/site-packages/scrapy/utils/deprecate.py:156: ScrapyDeprecationWarning: `scrapy.contrib.downloadermiddleware.cookies.CookiesMiddleware` class is deprecated, use `scrapy.downloadermiddlewares.cookies.CookiesMiddleware` instead
  ScrapyDeprecationWarning)

2018-02-22 15:40:41 [py.warnings] WARNING: /Volumes/FHCLK/develop/python/commonCrawler/lib/python2.7/site-packages/scrapy/utils/deprecate.py:156: ScrapyDeprecationWarning: `scrapy.contrib.downloadermiddleware.httpcache.HttpCacheMiddleware` class is deprecated, use `scrapy.downloadermiddlewares.httpcache.HttpCacheMiddleware` instead
  ScrapyDeprecationWarning)

2018-02-22 15:40:41 [py.warnings] WARNING: /Volumes/FHCLK/develop/python/commonCrawler/lib/python2.7/site-packages/scrapy/utils/deprecate.py:156: ScrapyDeprecationWarning: `scrapy.contrib.downloadermiddleware.stats.DownloaderStats` class is deprecated, use `scrapy.downloadermiddlewares.stats.DownloaderStats` instead
  ScrapyDeprecationWarning)

2018-02-22 15:40:41 [py.warnings] WARNING: /Volumes/FHCLK/develop/python/commonCrawler/lib/python2.7/site-packages/scrapy/utils/deprecate.py:156: ScrapyDeprecationWarning: `scrapy.contrib.downloadermiddleware.defaultheaders.DefaultHeadersMiddleware` class is deprecated, use `scrapy.downloadermiddlewares.defaultheaders.DefaultHeadersMiddleware` instead
  ScrapyDeprecationWarning)

2018-02-22 15:40:41 [py.warnings] WARNING: /Volumes/FHCLK/develop/python/commonCrawler/lib/python2.7/site-packages/scrapy/utils/deprecate.py:156: ScrapyDeprecationWarning: `scrapy.contrib.downloadermiddleware.retry.RetryMiddleware` class is deprecated, use `scrapy.downloadermiddlewares.retry.RetryMiddleware` instead
  ScrapyDeprecationWarning)

2018-02-22 15:40:41 [py.warnings] WARNING: /Volumes/FHCLK/develop/python/commonCrawler/lib/python2.7/site-packages/scrapy/utils/deprecate.py:156: ScrapyDeprecationWarning: `scrapy.contrib.downloadermiddleware.httpauth.HttpAuthMiddleware` class is deprecated, use `scrapy.downloadermiddlewares.httpauth.HttpAuthMiddleware` instead
  ScrapyDeprecationWarning)

2018-02-22 15:40:41 [scrapy.middleware] INFO: Enabled downloader middlewares:
['scrapy.downloadermiddlewares.httpauth.HttpAuthMiddleware',
 'scrapy.downloadermiddlewares.retry.RetryMiddleware',
 'bigSpider.middlewares.RandomUserAgentMiddlware',
 'scrapy.downloadermiddlewares.defaultheaders.DefaultHeadersMiddleware',
 'scrapy.downloadermiddlewares.cookies.CookiesMiddleware',
 'scrapy_splash.SplashCookiesMiddleware',
 'scrapy_splash.SplashMiddleware',
 'scrapy.downloadermiddlewares.httpcompression.HttpCompressionMiddleware',
 'scrapy.downloadermiddlewares.stats.DownloaderStats']
2018-02-22 15:40:41 [scrapy.middleware] INFO: Enabled spider middlewares:
['scrapy.spidermiddlewares.httperror.HttpErrorMiddleware',
 'scrapy_splash.SplashDeduplicateArgsMiddleware',
 'scrapy.spidermiddlewares.offsite.OffsiteMiddleware',
 'scrapy.spidermiddlewares.referer.RefererMiddleware',
 'scrapy.spidermiddlewares.urllength.UrlLengthMiddleware',
 'scrapy.spidermiddlewares.depth.DepthMiddleware']
2018-02-22 15:40:41 [py.warnings] WARNING: bigSpider/pipelines.py:124: ScrapyDeprecationWarning: Module `scrapy.contrib.pipeline` is deprecated, use `scrapy.pipelines` instead
  from scrapy.contrib.pipeline.images import ImagesPipeline

2018-02-22 15:40:41 [py.warnings] WARNING: bigSpider/pipelines.py:124: ScrapyDeprecationWarning: Module `scrapy.contrib.pipeline.images` is deprecated, use `scrapy.pipelines.images` instead
  from scrapy.contrib.pipeline.images import ImagesPipeline

2018-02-22 15:40:41 [scrapy.middleware] INFO: Enabled item pipelines:
['bigSpider.pipelines.ImageDownloadPipeline',
 'bigSpider.pipelines.BigspiderPipeline']
2018-02-22 15:40:41 [scrapy.core.engine] INFO: Spider opened
2018-02-22 15:40:41 [scrapy.extensions.logstats] INFO: Crawled 0 pages (at 0 pages/min), scraped 0 items (at 0 items/min)
2018-02-22 15:40:41 [scrapy.extensions.telnet] DEBUG: Telnet console listening on 127.0.0.1:6023
2018-02-22 15:40:42 [scrapy.core.engine] DEBUG: Crawled (200) <GET http://www.zgg.org.cn/zhl/xjpjhwzh/index.html> (referer: None)
2018-02-22 15:40:42 [scrapy.core.scraper] DEBUG: Scraped from <200 http://www.zgg.org.cn/zhl/xjpjhwzh/index.html>
{'crawl_no': '20180222154032434',
 u'date': u'( 2016-10-10 )',
 'follow_ord': 0.0,
 'item_link': u'http://cpc.people.com.cn/n1/2016/1010/c64094-28763907.html',
 'link': 'http://www.zgg.org.cn/zhl/xjpjhwzh/index.html',
 u'title': u'\u4e60\u8fd1\u5e73:\u52a0\u5feb\u63a8\u8fdb\u7f51\u7edc\u4fe1\u606f\u6280\u672f\u81ea\u4e3b\u521b\u65b0'}
2018-02-22 15:40:42 [scrapy.spidermiddlewares.offsite] DEBUG: Filtered offsite request to 'cpc.people.com.cn': <GET http://cpc.people.com.cn/n1/2016/1010/c64094-28763907.html>
2018-02-22 15:40:42 [scrapy.core.scraper] DEBUG: Scraped from <200 http://www.zgg.org.cn/zhl/xjpjhwzh/index.html>
{'crawl_no': '20180222154032434',
 u'date': u'( 2016-10-10 )',
 'follow_ord': 0.0,
 'item_link': u'http://cpc.people.com.cn/n1/2016/0929/c64094-28751251.html',
 'link': 'http://www.zgg.org.cn/zhl/xjpjhwzh/index.html',
 u'title': u'\u4e2d\u5171\u4e2d\u592e\u4e3e\u884c\u5b66\u4e60\u300a\u80e1\u9526\u6d9b\u6587\u9009\u300b\u62a5\u544a\u4f1a \u4e60\u8fd1\u5e73\u53d1\u8868\u91cd\u8981\u8bb2\u8bdd'}
2018-02-22 15:40:42 [scrapy.core.scraper] DEBUG: Scraped from <200 http://www.zgg.org.cn/zhl/xjpjhwzh/index.html>
{'crawl_no': '20180222154032434',
 u'date': u'( 2016-04-02 )',
 'follow_ord': 0.0,
 'item_link': u'http://www.zgg.org.cn/tpxw_4074/201604/t20160402_574139.html',
 'link': 'http://www.zgg.org.cn/zhl/xjpjhwzh/index.html',
 u'title': u'\u4e60\u8fd1\u5e73\u51fa\u5e2d\u7b2c\u56db\u5c4a\u6838\u5b89\u5168\u5cf0\u4f1a\u5e76\u53d1\u8868\u91cd\u8981\u8bb2\u8bdd'}
2018-02-22 15:40:42 [scrapy.core.scraper] DEBUG: Scraped from <200 http://www.zgg.org.cn/zhl/xjpjhwzh/index.html>
{'crawl_no': '20180222154032434',
 u'date': u'( 2016-04-01 )',
 'follow_ord': 0.0,
 'item_link': u'http://www.zgg.org.cn/zhl/xjpjhwzh/201604/t20160401_574103.html',
 'link': 'http://www.zgg.org.cn/zhl/xjpjhwzh/index.html',
 u'title': u'\u4e60\u8fd1\u5e73\uff1a\u6838\u5b89\u5168\u6ca1\u6709\u6b62\u5883\uff0c\u4e5f\u6ca1\u6709\u6377\u5f84'}
2018-02-22 15:40:42 [scrapy.core.scraper] DEBUG: Scraped from <200 http://www.zgg.org.cn/zhl/xjpjhwzh/index.html>
{'crawl_no': '20180222154032434',
 u'date': u'( 2016-04-01 )',
 'follow_ord': 0.0,
 'item_link': u'http://www.zgg.org.cn/zhl/xjpjhwzh/201604/t20160401_573977.html',
 'link': 'http://www.zgg.org.cn/zhl/xjpjhwzh/index.html',
 u'title': u'\u4e60\u8fd1\u5e73\u4f1a\u89c1\u5965\u5df4\u9a6c\uff1a\u63a8\u52a8\u4e24\u56fd\u5173\u7cfb\u6cbf\u5065\u5eb7\u7a33\u5b9a\u8f68\u9053\u53d1\u5c55'}
2018-02-22 15:40:42 [scrapy.core.scraper] DEBUG: Scraped from <200 http://www.zgg.org.cn/zhl/xjpjhwzh/index.html>
{'crawl_no': '20180222154032434',
 u'date': u'( 2016-03-13 )',
 'follow_ord': 0.0,
 'item_link': u'http://www.zgg.org.cn/zhl/xjpjhwzh/201603/t20160322_572259.html',
 'link': 'http://www.zgg.org.cn/zhl/xjpjhwzh/index.html',
 u'title': u'\u4e60\u8fd1\u5e73\uff1a\u63a8\u52a8\u56fd\u9632\u548c\u519b\u961f\u5efa\u8bbe\u5b9e\u73b0\u65b0\u8de8\u8d8a'}
2018-02-22 15:40:42 [scrapy.core.scraper] DEBUG: Scraped from <200 http://www.zgg.org.cn/zhl/xjpjhwzh/index.html>
{'crawl_no': '20180222154032434',
 u'date': u'( 2016-03-10 )',
 'follow_ord': 0.0,
 'item_link': u'http://www.zgg.org.cn/zhl/xjpjhwzh/201603/t20160322_572257.html',
 'link': 'http://www.zgg.org.cn/zhl/xjpjhwzh/index.html',
 u'title': u'\u4e60\u8fd1\u5e73\u53c2\u52a0\u9752\u6d77\u56e2\u5ba1\u8bae\uff1a\u5fc5\u987b\u6a2a\u4e0b\u4e00\u6761\u5fc3 \u6253\u8d62\u8131\u8d2b\u653b\u575a\u6218'}
2018-02-22 15:40:42 [scrapy.core.scraper] DEBUG: Scraped from <200 http://www.zgg.org.cn/zhl/xjpjhwzh/index.html>
{'crawl_no': '20180222154032434',
 u'date': u'( 2016-03-08 )',
 'follow_ord': 0.0,
 'item_link': u'http://www.zgg.org.cn/zhl/xjpjhwzh/201603/t20160308_569789.html',
 'link': 'http://www.zgg.org.cn/zhl/xjpjhwzh/index.html',
 u'title': u'\u4e60\u8fd1\u5e73\uff1a\u6c11\u6709\u6240\u60f3\u6240\u6c42 \u6211\u4eec\u5c31\u8981\u4e3a\u4ed6\u4eec\u670d\u52a1'}
2018-02-22 15:40:42 [scrapy.core.scraper] DEBUG: Scraped from <200 http://www.zgg.org.cn/zhl/xjpjhwzh/index.html>
{'crawl_no': '20180222154032434',
 u'date': u'( 2016-03-07 )',
 'follow_ord': 0.0,
 'item_link': u'http://www.zgg.org.cn/zhl/xjpjhwzh/201603/t20160307_569459.html',
 'link': 'http://www.zgg.org.cn/zhl/xjpjhwzh/index.html',
 u'title': u'\u4e60\u8fd1\u5e73\u53c2\u52a0\u9ed1\u9f99\u6c5f\u4ee3\u8868\u56e2\u5ba1\u8bae\uff1a\u5168\u9762\u632f\u5174\u51b3\u5fc3\u4e0d\u80fd\u52a8\u6447'}
2018-02-22 15:40:42 [scrapy.core.scraper] DEBUG: Scraped from <200 http://www.zgg.org.cn/zhl/xjpjhwzh/index.html>
{'crawl_no': '20180222154032434',
 u'date': u'( 2016-03-05 )',
 'follow_ord': 0.0,
 'item_link': u'http://www.zgg.org.cn/zhl/xjpjhwzh/201603/t20160305_569160.html',
 'link': 'http://www.zgg.org.cn/zhl/xjpjhwzh/index.html',
 u'title': u'\u4e60\u8fd1\u5e73\u53c2\u52a0\u4e0a\u6d77\u56e2\u5ba1\u8bae\uff1a\u52a0\u5f3a\u6df1\u5316\u6539\u9769\u5f00\u653e\u63aa\u65bd\u7cfb\u7edf\u96c6\u6210'}
2018-02-22 15:40:42 [scrapy.core.scraper] DEBUG: Scraped from <200 http://www.zgg.org.cn/zhl/xjpjhwzh/index.html>
{'crawl_no': '20180222154032434',
 u'date': u'( 2016-03-04 )',
 'follow_ord': 0.0,
 'item_link': u'http://www.zgg.org.cn/zhl/xjpjhwzh/201603/t20160304_569139.html',
 'link': 'http://www.zgg.org.cn/zhl/xjpjhwzh/index.html',
 u'title': u'\u4e60\u8fd1\u5e73\u770b\u671b\u6c11\u5efa\u3001\u5de5\u5546\u8054\u754c\u59d4\u5458\u5e76\u53c2\u52a0\u8054\u7ec4\u8ba8\u8bba'}
2018-02-22 15:40:42 [scrapy.core.scraper] DEBUG: Scraped from <200 http://www.zgg.org.cn/zhl/xjpjhwzh/index.html>
{'crawl_no': '20180222154032434',
 u'date': u'( 2016-02-26 )',
 'follow_ord': 0.0,
 'item_link': u'http://www.zgg.org.cn/zhl/xjpjhwzh/201602/t20160226_568105.html',
 'link': 'http://www.zgg.org.cn/zhl/xjpjhwzh/index.html',
 u'title': u'\u4e60\u8fd1\u5e73\uff1a\u5404\u7ea7\u515a\u59d4\u8981\u91cd\u6e29\u300a\u515a\u59d4\u4f1a\u5de5\u4f5c\u65b9\u6cd5\u300b'}
2018-02-22 15:40:42 [scrapy.core.scraper] DEBUG: Scraped from <200 http://www.zgg.org.cn/zhl/xjpjhwzh/index.html>
{'crawl_no': '20180222154032434',
 u'date': u'( 2015-11-19 )',
 'follow_ord': 0.0,
 'item_link': u'http://www.zgg.org.cn/zhl/xjpjhwzh/201511/t20151119_553874.html',
 'link': 'http://www.zgg.org.cn/zhl/xjpjhwzh/index.html',
 u'title': u'\u4e60\u8fd1\u5e73\uff1a\u53d1\u6325\u4e9a\u592a\u5f15\u9886\u4f5c\u7528 \u5e94\u5bf9\u4e16\u754c\u7ecf\u6d4e\u6311\u6218'}
2018-02-22 15:40:42 [scrapy.core.scraper] DEBUG: Scraped from <200 http://www.zgg.org.cn/zhl/xjpjhwzh/index.html>
{'crawl_no': '20180222154032434',
 u'date': u'( 2015-09-28 )',
 'follow_ord': 0.0,
 'item_link': u'http://www.zgg.org.cn/ywjj/zygc/ldrbgj/xjp/zyjh/201509/t20150929_544353.html',
 'link': 'http://www.zgg.org.cn/zhl/xjpjhwzh/index.html',
 u'title': u'\u643a\u624b\u6784\u5efa\u5408\u4f5c\u5171\u8d62\u65b0\u4f19\u4f34 \u540c\u5fc3\u6253\u9020\u4eba\u7c7b\u547d\u8fd0\u5171\u540c\u4f53'}
2018-02-22 15:40:42 [scrapy.core.scraper] DEBUG: Scraped from <200 http://www.zgg.org.cn/zhl/xjpjhwzh/index.html>
{'crawl_no': '20180222154032434',
 u'date': u'( 2015-09-27 )',
 'follow_ord': 0.0,
 'item_link': u'http://www.zgg.org.cn/ywjj/zygc/ldrbgj/xjp/zyjh/201509/t20150928_544118.html',
 'link': 'http://www.zgg.org.cn/zhl/xjpjhwzh/index.html',
 u'title': u'\u4e60\u8fd1\u5e73\uff1a\u8c0b\u5171\u540c\u6c38\u7eed\u53d1\u5c55 \u505a\u5408\u4f5c\u5171\u8d62\u4f19\u4f34'}
2018-02-22 15:40:42 [scrapy.core.scraper] DEBUG: Scraped from <200 http://www.zgg.org.cn/zhl/xjpjhwzh/index.html>
{'crawl_no': '20180222154032434',
 u'date': u'( 2015-09-04 )',
 'follow_ord': 0.0,
 'item_link': u'http://www.zgg.org.cn/ywjj/zygc/ldrbgj/xjp/zyjh/201509/t20150906_539885.html',
 'link': 'http://www.zgg.org.cn/zhl/xjpjhwzh/index.html',
 u'title': u'\u4e60\u8fd1\u5e73\u5728\u7eaa\u5ff5\u6297\u6218\u80dc\u522970\u5468\u5e74\u5927\u4f1a\u4e0a\u7684\u8bb2\u8bdd'}
2018-02-22 15:40:42 [scrapy.core.scraper] DEBUG: Scraped from <200 http://www.zgg.org.cn/zhl/xjpjhwzh/index.html>
{'crawl_no': '20180222154032434',
 u'date': u'( 2015-09-01 )',
 'follow_ord': 0.0,
 'item_link': u'http://www.zgg.org.cn/ywjj/zygc/ldrbgj/xjp/zyjh/201509/t20150901_539241.html',
 'link': 'http://www.zgg.org.cn/zhl/xjpjhwzh/index.html',
 u'title': u'\u4e60\u8fd1\u5e73\u5728\u4f1a\u89c1\u5168\u56fd\u4f18\u79c0\u53bf\u59d4\u4e66\u8bb0\u65f6\u7684\u8bb2\u8bdd'}
2018-02-22 15:40:42 [scrapy.core.scraper] DEBUG: Scraped from <200 http://www.zgg.org.cn/zhl/xjpjhwzh/index.html>
{'crawl_no': '20180222154032434',
 u'date': u'( 2015-07-11 )',
 'follow_ord': 0.0,
 'item_link': u'http://www.zgg.org.cn/ywjj/zygc/ldrbgj/xjp/zyjh/201507/t20150713_530347.html',
 'link': 'http://www.zgg.org.cn/zhl/xjpjhwzh/index.html',
 u'title': u'\u4e60\u8fd1\u5e73\u5728\u4e0a\u6d77\u5408\u4f5c\u7ec4\u7ec7\u6210\u5458\u56fd\u5143\u9996\u7406\u4e8b\u4f1a\u7b2c\u5341\u4e94\u6b21\u4f1a\u8bae\u4e0a\u7684\u8bb2\u8bdd'}
2018-02-22 15:40:42 [scrapy.core.scraper] DEBUG: Scraped from <200 http://www.zgg.org.cn/zhl/xjpjhwzh/index.html>
{'crawl_no': '20180222154032434',
 u'date': u'( 2015-07-10 )',
 'follow_ord': 0.0,
 'item_link': u'http://www.zgg.org.cn/ywjj/zygc/ldrbgj/xjp/zyjh/201507/t20150710_529968.html',
 'link': 'http://www.zgg.org.cn/zhl/xjpjhwzh/index.html',
 u'title': u'\u4e60\u8fd1\u5e73\u5728\u91d1\u7816\u56fd\u5bb6\u9886\u5bfc\u4eba\u7b2c\u4e03\u6b21\u4f1a\u6664\u4e0a\u7684\u8bb2\u8bdd'}
2018-02-22 15:40:42 [scrapy.core.scraper] DEBUG: Scraped from <200 http://www.zgg.org.cn/zhl/xjpjhwzh/index.html>
{'crawl_no': '20180222154032434',
 u'date': u'( 2015-06-13 )',
 'follow_ord': 0.0,
 'item_link': u'http://www.zgg.org.cn/ywjj/zygc/ldrbgj/xjp/zyjh/201506/t20150615_525054.html',
 'link': 'http://www.zgg.org.cn/zhl/xjpjhwzh/index.html',
 u'title': u'\u4e60\u8fd1\u5e73\u5728\u7eaa\u5ff5\u9648\u4e91\u540c\u5fd7\u8bde\u8fb0110\u5468\u5e74\u5ea7\u8c08\u4f1a\u4e0a\u7684\u8bb2\u8bdd'}
2018-02-22 15:40:42 [scrapy.core.scraper] DEBUG: Scraped from <200 http://www.zgg.org.cn/zhl/xjpjhwzh/index.html>
{'crawl_no': '20180222154032434',
 u'date': u'( 2015-05-24 )',
 'follow_ord': 0.0,
 'item_link': u'http://www.zgg.org.cn/ywjj/zygc/ldrbgj/xjp/zyjh/201505/t20150525_520768.html',
 'link': 'http://www.zgg.org.cn/zhl/xjpjhwzh/index.html',
 u'title': u'\u4e60\u8fd1\u5e73\u5728\u4e2d\u65e5\u53cb\u597d\u4ea4\u6d41\u5927\u4f1a\u4e0a\u7684\u8bb2\u8bdd'}
2018-02-22 15:40:42 [scrapy.core.scraper] DEBUG: Scraped from <200 http://www.zgg.org.cn/zhl/xjpjhwzh/index.html>
{'crawl_no': '20180222154032434',
 u'date': u'( 2015-04-07 )',
 'follow_ord': 0.0,
 'item_link': u'http://www.zgg.org.cn/ywjj/zygc/ldrbgj/xjp/zyjh/201504/t20150408_510114.html',
 'link': 'http://www.zgg.org.cn/zhl/xjpjhwzh/index.html',
 u'title': u'\u4e60\u8fd1\u5e73\u51fa\u5e2d\u7b2c\u5341\u4e94\u5c4a\u4e2d\u8d8a\u9752\u5e74\u53cb\u597d\u4f1a\u89c1\u6d3b\u52a8\u65f6\u7684\u8bb2\u8bdd'}
2018-02-22 15:40:42 [scrapy.core.scraper] DEBUG: Scraped from <200 http://www.zgg.org.cn/zhl/xjpjhwzh/index.html>
{'crawl_no': '20180222154032434',
 u'date': u'( 2015-03-28 )',
 'follow_ord': 0.0,
 'item_link': u'http://www.zgg.org.cn/zhl/xjpjhwzh/201503/t20150330_508598.html',
 'link': 'http://www.zgg.org.cn/zhl/xjpjhwzh/index.html',
 u'title': u'\u4e60\u8fd1\u5e73\uff1a\u8fc8\u5411\u547d\u8fd0\u5171\u540c\u4f53 \u5f00\u521b\u4e9a\u6d32\u65b0\u672a\u6765'}
2018-02-22 15:40:42 [scrapy.core.scraper] DEBUG: Scraped from <200 http://www.zgg.org.cn/zhl/xjpjhwzh/index.html>
{'crawl_no': '20180222154032434',
 u'date': u'( 2015-02-02 )',
 'follow_ord': 0.0,
 'item_link': u'http://www.zgg.org.cn/zhl/xjpjhwzh/201502/t20150203_498719.html',
 'link': 'http://www.zgg.org.cn/zhl/xjpjhwzh/index.html',
 u'title': u'\u4e60\u8fd1\u5e73\uff1a\u9886\u5bfc\u5e72\u90e8\u8981\u505a\u5c0a\u6cd5\u5b66\u6cd5\u5b88\u6cd5\u7528\u6cd5\u7684\u6a21\u8303'}
2018-02-22 15:40:42 [scrapy.core.scraper] DEBUG: Scraped from <200 http://www.zgg.org.cn/zhl/xjpjhwzh/index.html>
{'crawl_no': '20180222154032434',
 u'date': u'( 2014-12-16 )',
 'follow_ord': 0.0,
 'item_link': u'http://www.zgg.org.cn/zhl/xjpjhwzh/201412/t20141215_488213.html',
 'link': 'http://www.zgg.org.cn/zhl/xjpjhwzh/index.html',
 u'title': u'\u4e60\u8fd1\u5e73\u5728\u5357\u4eac\u5927\u5c60\u6740\u6b7b\u96be\u8005\u56fd\u5bb6\u516c\u796d\u4eea\u5f0f\u4e0a\u8bb2\u8bdd'}
2018-02-22 15:40:44 [scrapy.core.engine] DEBUG: Crawled (200) <GET http://www.zgg.org.cn/zhl/xjpjhwzh/201603/t20160307_569459.html> (referer: http://www.zgg.org.cn/zhl/xjpjhwzh/index.html)
2018-02-22 15:40:44 [scrapy.pipelines.files] WARNING: File (unknown-error): Error downloading image from <GET http://www.zgg.org.cn/zhl/xjpjhwzh/201603/W020160307570618060425.jpg> referred in <None>: Error occurred during getting browser
2018-02-22 15:40:46 [scrapy.crawler] INFO: Received SIGTERM, shutting down gracefully. Send again to force 
2018-02-22 15:40:46 [scrapy.core.engine] INFO: Closing spider (shutdown)
2018-02-22 15:40:47 [scrapy.core.engine] DEBUG: Crawled (200) <GET http://www.zgg.org.cn/zhl/xjpjhwzh/201603/t20160308_569789.html> (referer: http://www.zgg.org.cn/zhl/xjpjhwzh/index.html)
2018-02-22 15:40:48 [scrapy.core.engine] DEBUG: Crawled (200) <GET http://www.zgg.org.cn/zhl/xjpjhwzh/201603/t20160322_572257.html> (referer: http://www.zgg.org.cn/zhl/xjpjhwzh/index.html)
2018-02-22 15:40:51 [scrapy.core.engine] DEBUG: Crawled (200) <GET http://www.zgg.org.cn/zhl/xjpjhwzh/201603/t20160322_572259.html> (referer: http://www.zgg.org.cn/zhl/xjpjhwzh/index.html)
2018-02-22 15:40:54 [scrapy.core.engine] DEBUG: Crawled (200) <GET http://www.zgg.org.cn/zhl/xjpjhwzh/201604/t20160401_573977.html> (referer: http://www.zgg.org.cn/zhl/xjpjhwzh/index.html)
2018-02-22 15:40:56 [scrapy.core.engine] DEBUG: Crawled (200) <GET http://www.zgg.org.cn/zhl/xjpjhwzh/201604/t20160401_574103.html> (referer: http://www.zgg.org.cn/zhl/xjpjhwzh/index.html)
2018-02-22 15:40:56 [py.warnings] WARNING: /Volumes/FHCLK/develop/python/commonCrawler/lib/python2.7/site-packages/bs4/__init__.py:181: UserWarning: No parser was explicitly specified, so I'm using the best available HTML parser for this system ("lxml"). This usually isn't a problem, but if you run this code on another system, or in a different virtual environment, it may use a different parser and behave differently.

The code that caused this warning is on line 162 of the file /System/Library/Frameworks/Python.framework/Versions/2.7/lib/python2.7/runpy.py. To get rid of this warning, change code that looks like this:

 BeautifulSoup(YOUR_MARKUP})

to this:

 BeautifulSoup(YOUR_MARKUP, "lxml")

  markup_type=markup_type))

2018-02-22 15:40:56 [scrapy.core.scraper] DEBUG: Scraped from <200 http://www.zgg.org.cn/zhl/xjpjhwzh/201604/t20160401_574103.html>
{u'content': u'<div class="cnt" id="xmContent">\n             <div class="TRS_Editor"><style type="text/css">\n\n.TRS_Editor P{line-height:2;font-family:\u5b8b\u4f53;font-size:12pt;}.TRS_Editor DIV{line-height:2;font-family:\u5b8b\u4f53;font-size:12pt;}.TRS_Editor TD{line-height:2;font-family:\u5b8b\u4f53;font-size:12pt;}.TRS_Editor TH{line-height:2;font-family:\u5b8b\u4f53;font-size:12pt;}.TRS_Editor SPAN{line-height:2;font-family:\u5b8b\u4f53;font-size:12pt;}.TRS_Editor FONT{line-height:2;font-family:\u5b8b\u4f53;font-size:12pt;}.TRS_Editor UL{line-height:2;font-family:\u5b8b\u4f53;font-size:12pt;}.TRS_Editor LI{line-height:2;font-family:\u5b8b\u4f53;font-size:12pt;}.TRS_Editor A{line-height:2;font-family:\u5b8b\u4f53;font-size:12pt;}</style>\n<div class="TRS_Editor"><style type="text/css">\n\n.TRS_Editor P{line-height:2;font-family:\u5b8b\u4f53;font-size:12pt;}.TRS_Editor DIV{line-height:2;font-family:\u5b8b\u4f53;font-size:12pt;}.TRS_Editor TD{line-height:2;font-family:\u5b8b\u4f53;font-size:12pt;}.TRS_Editor TH{line-height:2;font-family:\u5b8b\u4f53;font-size:12pt;}.TRS_Editor SPAN{line-height:2;font-family:\u5b8b\u4f53;font-size:12pt;}.TRS_Editor FONT{line-height:2;font-family:\u5b8b\u4f53;font-size:12pt;}.TRS_Editor UL{line-height:2;font-family:\u5b8b\u4f53;font-size:12pt;}.TRS_Editor LI{line-height:2;font-family:\u5b8b\u4f53;font-size:12pt;}.TRS_Editor A{line-height:2;font-family:\u5b8b\u4f53;font-size:12pt;}</style>\n<div>\n<p align="justify">\u3000\u3000\u65b0\u534e\u793e\u534e\u76db\u987f3\u670831\u65e5\u7535\uff08\u8bb0\u8005\u9648\u8d3d\u3000\u9093\u7389\u5c71\uff0931\u65e5\uff0c\u56fd\u5bb6\u4e3b\u5e2d\u4e60\u8fd1\u5e73\u51fa\u5e2d\u7f8e\u56fd\u603b\u7edf\u5965\u5df4\u9a6c\u5728\u767d\u5bab\u4e3a\u51fa\u5e2d\u7b2c\u56db\u5c4a\u6838\u5b89\u5168\u5cf0\u4f1a\u7684\u5404\u56fd\u9886\u5bfc\u4eba\u4e3e\u884c\u7684\u5bb4\u4f1a\u3002</p>\n<p align="justify">\u3000\u3000\u4e60\u8fd1\u5e73\u62b5\u8fbe\u5bb4\u4f1a\u5385\u65f6\uff0c\u53d7\u5230\u5965\u5df4\u9a6c\u70ed\u60c5\u8fce\u63a5\u3002</p>\n<p align="justify">\u3000\u3000\u5bb4\u4f1a\u5f00\u59cb\u540e\uff0c\u5965\u5df4\u9a6c\u9996\u5148\u81f4\u6b22\u8fce\u8f9e\uff0c\u79ef\u6781\u8bc4\u4ef7\u6838\u5b89\u5168\u5cf0\u4f1a\u542f\u52a86\u5e74\u6765\u53d6\u5f97\u7684\u6210\u7ee9\u3002\u5965\u5df4\u9a6c\u5f3a\u8c03\uff0c\u5f53\u524d\u6838\u5b89\u5168\u9886\u57df\u9762\u4e34\u65b0\u7684\u5a01\u80c1\uff0c\u56fd\u9645\u793e\u4f1a\u9700\u8981\u52a0\u5f3a\u5408\u4f5c\uff0c\u7ee7\u7eed\u52aa\u529b\uff0c\u8fdb\u4e00\u6b65\u7ba1\u63a7\u597d\u6838\u6750\u6599\uff0c\u5171\u540c\u786e\u4fdd\u6838\u5b89\u5168\u3002</p>\n<p align="justify">\u3000\u3000\u968f\u540e\uff0c\u5965\u5df4\u9a6c\u8bf7\u4e60\u8fd1\u5e73\u4e3b\u5e2d\u9996\u5148\u53d1\u8a00\u3002</p>\n<p align="justify">\u3000\u3000\u4e60\u8fd1\u5e73\u6307\u51fa\uff0c6\u5e74\u524d\u542f\u52a8\u7684\u6838\u5b89\u5168\u5cf0\u4f1a\u8fdb\u7a0b\u51dd\u805a\u4e86\u56fd\u9645\u6838\u5b89\u5168\u5171\u8bc6\uff0c\u5065\u5168\u4e86\u6838\u5b89\u5168\u56fd\u9645\u6cd5\u5f8b\u4f53\u7cfb\u548c\u5408\u4f5c\u673a\u5236\uff0c\u52a0\u5f3a\u4e86\u5404\u56fd\u6838\u5b89\u5168\u80fd\u529b\uff0c\u4fc3\u8fdb\u4e86\u4e16\u754c\u548c\u5e73\uff0c\u63a8\u52a8\u4e86\u5168\u7403\u53d1\u5c55\u3002</p>\n<p align="justify">\u3000\u3000\u4e60\u8fd1\u5e73\u5f3a\u8c03\uff0c\u8981\u52a0\u5f3a\u56fd\u9645\u6838\u5b89\u5168\u4f53\u7cfb\uff0c\u9996\u5148\u8981\u6293\u4f4f\u5f53\u524d\u6838\u5b89\u5168\u5f62\u52bf\u7684\u4e24\u65b9\u9762\u65b0\u7279\u5f81\u3002\u4e00\u65b9\u9762\uff0c\u56fd\u9645\u6050\u6016\u4e3b\u4e49\u6d3b\u52a8\u8fdb\u5165\u65b0\u4e00\u8f6e\u6d3b\u8dc3\u671f\uff0c\u5176\u4e2d\u6838\u6050\u6016\u5a01\u80c1\u5c24\u5176\u4e0d\u5bb9\u5ffd\u89c6\uff0c\u6838\u6750\u6599\u6269\u6563\u7684\u98ce\u9669\u5728\u589e\u52a0\u3002\u53e6\u4e00\u65b9\u9762\uff0c\u5728\u6838\u5b89\u5168\u5cf0\u4f1a\u8fdb\u7a0b\u5e26\u52a8\u4e0b\uff0c\u56fd\u9645\u6838\u5b89\u5168\u9632\u7ebf\u66f4\u4e3a\u7262\u56fa\uff0c\u6838\u5b89\u5168\u5171\u8bc6\u7a7a\u524d\u51dd\u805a\uff0c\u5404\u56fd\u653f\u5e9c\u4e3b\u4f53\u8d23\u4efb\u610f\u8bc6\u663e\u8457\u589e\u5f3a\uff0c\u6838\u5b89\u5168\u6cd5\u5f8b\u548c\u673a\u5236\u65e5\u76ca\u5b8c\u5584\uff0c\u80fd\u529b\u5efa\u8bbe\u548c\u6267\u6cd5\u5408\u4f5c\u4e0d\u65ad\u6df1\u5316\uff0c\u6838\u5b89\u5168\u6587\u5316\u9010\u6e10\u666e\u53ca\u3002\u8fd9\u4e9b\u52aa\u529b\u4f7f\u548c\u5e73\u5229\u7528\u6838\u80fd\u4e8b\u4e1a\u5f97\u4ee5\u53d1\u5c55\uff0c\u4e5f\u4e3a\u7ef4\u62a4\u56fd\u9645\u548c\u5e73\u5b89\u5168\u4f5c\u51fa\u4e86\u8d21\u732e\u3002</p>\n<p align="justify">\u3000\u3000\u4e60\u8fd1\u5e73\u5f3a\u8c03\uff0c\u52a0\u5f3a\u56fd\u9645\u5408\u4f5c\uff0c\u6253\u51fb\u4e00\u5207\u5f62\u5f0f\u7684\u6050\u6016\u4e3b\u4e49\u662f\u56fd\u9645\u793e\u4f1a\u5171\u8bc6\u3002\u6838\u5b89\u5168\u6311\u6218\u5f88\u5927\uff0c\u4f46\u6211\u4eec\u51b3\u5fc3\u66f4\u5927\u3002\u53cd\u5bf9\u6838\u6050\u6016\u4e3b\u4e49\u56f0\u96be\u5f88\u591a\uff0c\u4f46\u6211\u4eec\u529e\u6cd5\u66f4\u591a\u3002\u6838\u5b89\u5168\u6ca1\u6709\u6b62\u5883\uff0c\u4e5f\u6ca1\u6709\u6377\u5f84\u3002\u4e2d\u65b9\u671f\u5f85\u540c\u5404\u65b9\u63a2\u8ba8\u5982\u4f55\u52a0\u5f3a\u56fd\u9645\u6838\u5b89\u5168\u4f53\u7cfb\uff0c\u7b51\u7262\u6211\u4eec\u7684\u6838\u5b89\u5168\u9632\u7ebf\u3002</p>\n</div>\n</div></div>\n           <div class="affix"> </div>\n           </div>',
 'crawl_no': '20180222154032434',
 'follow_ord': 2.0,
 u'fromAndDate': u'\u6765\u6e90\uff1a\u65b0\u534e\u7f51\u3000\u3000\n',
 'link': 'http://www.zgg.org.cn/zhl/xjpjhwzh/201604/t20160401_574103.html',
 u'title': u'\u4e60\u8fd1\u5e73\uff1a\u6838\u5b89\u5168\u6ca1\u6709\u6b62\u5883\uff0c\u4e5f\u6ca1\u6709\u6377\u5f84'}
2018-02-22 15:40:59 [scrapy.core.engine] DEBUG: Crawled (200) <GET http://www.zgg.org.cn/tpxw_4074/201604/t20160402_574139.html> (referer: http://www.zgg.org.cn/zhl/xjpjhwzh/index.html)
2018-02-22 15:41:01 [scrapy.crawler] INFO: Received SIGTERM twice, forcing unclean shutdown
