2018-02-22 15:58:50 [scrapy.utils.log] INFO: Scrapy 1.4.0 started (bot: bigSpider)
2018-02-22 15:58:50 [scrapy.utils.log] INFO: Overridden settings: {'NEWSPIDER_MODULE': 'bigSpider.spiders', 'LOG_FILE': 'logs/bigSpider/regexSpider/359536f317a611e8a50fa45e60bba9a9.log', 'DUPEFILTER_CLASS': 'scrapy_splash.SplashAwareDupeFilter', 'SPIDER_MODULES': ['bigSpider.spiders'], 'BOT_NAME': 'bigSpider', 'REDIRECT_ENABLED': False, 'FEED_EXPORT_ENCODING': 'utf-8', 'HTTPCACHE_STORAGE': 'scrapy_splash.SplashAwareFSCacheStorage', 'DOWNLOAD_DELAY': 2.05}
2018-02-22 15:58:50 [scrapy.middleware] INFO: Enabled extensions:
['scrapy.extensions.memusage.MemoryUsage',
 'scrapy.extensions.logstats.LogStats',
 'scrapy.extensions.telnet.TelnetConsole',
 'scrapy.extensions.corestats.CoreStats']
2018-02-22 15:58:50 [py.warnings] WARNING: /Volumes/FHCLK/develop/python/commonCrawler/lib/python2.7/site-packages/scrapy/utils/deprecate.py:156: ScrapyDeprecationWarning: `scrapy.contrib.downloadermiddleware.robotstxt.RobotsTxtMiddleware` class is deprecated, use `scrapy.downloadermiddlewares.robotstxt.RobotsTxtMiddleware` instead
  ScrapyDeprecationWarning)

2018-02-22 15:58:50 [py.warnings] WARNING: /Volumes/FHCLK/develop/python/commonCrawler/lib/python2.7/site-packages/scrapy/utils/deprecate.py:156: ScrapyDeprecationWarning: `scrapy.contrib.downloadermiddleware.cookies.CookiesMiddleware` class is deprecated, use `scrapy.downloadermiddlewares.cookies.CookiesMiddleware` instead
  ScrapyDeprecationWarning)

2018-02-22 15:58:50 [py.warnings] WARNING: /Volumes/FHCLK/develop/python/commonCrawler/lib/python2.7/site-packages/scrapy/utils/deprecate.py:156: ScrapyDeprecationWarning: `scrapy.contrib.downloadermiddleware.httpcache.HttpCacheMiddleware` class is deprecated, use `scrapy.downloadermiddlewares.httpcache.HttpCacheMiddleware` instead
  ScrapyDeprecationWarning)

2018-02-22 15:58:50 [py.warnings] WARNING: /Volumes/FHCLK/develop/python/commonCrawler/lib/python2.7/site-packages/scrapy/utils/deprecate.py:156: ScrapyDeprecationWarning: `scrapy.contrib.downloadermiddleware.stats.DownloaderStats` class is deprecated, use `scrapy.downloadermiddlewares.stats.DownloaderStats` instead
  ScrapyDeprecationWarning)

2018-02-22 15:58:50 [py.warnings] WARNING: /Volumes/FHCLK/develop/python/commonCrawler/lib/python2.7/site-packages/scrapy/utils/deprecate.py:156: ScrapyDeprecationWarning: `scrapy.contrib.downloadermiddleware.defaultheaders.DefaultHeadersMiddleware` class is deprecated, use `scrapy.downloadermiddlewares.defaultheaders.DefaultHeadersMiddleware` instead
  ScrapyDeprecationWarning)

2018-02-22 15:58:50 [py.warnings] WARNING: /Volumes/FHCLK/develop/python/commonCrawler/lib/python2.7/site-packages/scrapy/utils/deprecate.py:156: ScrapyDeprecationWarning: `scrapy.contrib.downloadermiddleware.retry.RetryMiddleware` class is deprecated, use `scrapy.downloadermiddlewares.retry.RetryMiddleware` instead
  ScrapyDeprecationWarning)

2018-02-22 15:58:50 [py.warnings] WARNING: /Volumes/FHCLK/develop/python/commonCrawler/lib/python2.7/site-packages/scrapy/utils/deprecate.py:156: ScrapyDeprecationWarning: `scrapy.contrib.downloadermiddleware.httpauth.HttpAuthMiddleware` class is deprecated, use `scrapy.downloadermiddlewares.httpauth.HttpAuthMiddleware` instead
  ScrapyDeprecationWarning)

2018-02-22 15:58:50 [scrapy.middleware] INFO: Enabled downloader middlewares:
['scrapy.downloadermiddlewares.httpauth.HttpAuthMiddleware',
 'scrapy.downloadermiddlewares.retry.RetryMiddleware',
 'bigSpider.middlewares.RandomUserAgentMiddlware',
 'scrapy.downloadermiddlewares.defaultheaders.DefaultHeadersMiddleware',
 'scrapy.downloadermiddlewares.cookies.CookiesMiddleware',
 'scrapy_splash.SplashCookiesMiddleware',
 'scrapy_splash.SplashMiddleware',
 'scrapy.downloadermiddlewares.httpcompression.HttpCompressionMiddleware',
 'scrapy.downloadermiddlewares.stats.DownloaderStats']
2018-02-22 15:58:50 [scrapy.middleware] INFO: Enabled spider middlewares:
['scrapy.spidermiddlewares.httperror.HttpErrorMiddleware',
 'scrapy_splash.SplashDeduplicateArgsMiddleware',
 'scrapy.spidermiddlewares.offsite.OffsiteMiddleware',
 'scrapy.spidermiddlewares.referer.RefererMiddleware',
 'scrapy.spidermiddlewares.urllength.UrlLengthMiddleware',
 'scrapy.spidermiddlewares.depth.DepthMiddleware']
2018-02-22 15:58:51 [py.warnings] WARNING: bigSpider/pipelines.py:124: ScrapyDeprecationWarning: Module `scrapy.contrib.pipeline` is deprecated, use `scrapy.pipelines` instead
  from scrapy.contrib.pipeline.images import ImagesPipeline

2018-02-22 15:58:51 [py.warnings] WARNING: bigSpider/pipelines.py:124: ScrapyDeprecationWarning: Module `scrapy.contrib.pipeline.images` is deprecated, use `scrapy.pipelines.images` instead
  from scrapy.contrib.pipeline.images import ImagesPipeline

2018-02-22 15:58:51 [scrapy.middleware] INFO: Enabled item pipelines:
['bigSpider.pipelines.ImageDownloadPipeline',
 'bigSpider.pipelines.BigspiderPipeline']
2018-02-22 15:58:51 [scrapy.core.engine] INFO: Spider opened
2018-02-22 15:58:51 [scrapy.extensions.logstats] INFO: Crawled 0 pages (at 0 pages/min), scraped 0 items (at 0 items/min)
2018-02-22 15:58:51 [scrapy.extensions.telnet] DEBUG: Telnet console listening on 127.0.0.1:6023
2018-02-22 15:58:51 [scrapy.core.engine] DEBUG: Crawled (200) <GET https://www.yidaiyilu.gov.cn/> (referer: None)
2018-02-22 15:58:51 [scrapy.spidermiddlewares.offsite] DEBUG: Filtered offsite request to 'www.gov.cn': <GET http://www.gov.cn/guoqing/2005-12/26/content_2652073.htm>
2018-02-22 15:58:51 [scrapy.core.scraper] ERROR: Error downloading <GET https://www.yidaiyilu.gov.cn/xwzx/gnxw/47998.htm>
Traceback (most recent call last):
  File "/Volumes/FHCLK/develop/python/commonCrawler/lib/python2.7/site-packages/twisted/internet/defer.py", line 1386, in _inlineCallbacks
    result = g.send(result)
  File "/Volumes/FHCLK/develop/python/commonCrawler/lib/python2.7/site-packages/scrapy/core/downloader/middleware.py", line 37, in process_request
    response = yield method(request=request, spider=spider)
  File "bigSpider/middlewares.py", line 78, in process_request
    request.headers.setdefault('User_Agent',get_ua())
  File "bigSpider/middlewares.py", line 76, in get_ua
    return getattr(self.ua,self.ua_type)
  File "/Volumes/FHCLK/develop/python/commonCrawler/lib/python2.7/site-packages/fake_useragent/fake.py", line 139, in __getattr__
    raise FakeUserAgentError('Error occurred during getting browser')  # noqa
FakeUserAgentError: Error occurred during getting browser
2018-02-22 15:58:53 [scrapy.crawler] INFO: Received SIGTERM, shutting down gracefully. Send again to force 
2018-02-22 15:58:53 [scrapy.core.engine] INFO: Closing spider (shutdown)
2018-02-22 15:58:54 [scrapy.core.engine] DEBUG: Crawled (200) <GET https://www.yidaiyilu.gov.cn/xwzx/roll/48444.htm> (referer: https://www.yidaiyilu.gov.cn/)
2018-02-22 15:58:54 [scrapy.core.scraper] DEBUG: Scraped from <200 https://www.yidaiyilu.gov.cn/xwzx/roll/48444.htm>
{'crawl_no': '20180222155844330',
 'link': 'https://www.yidaiyilu.gov.cn/xwzx/roll/48444.htm',
 'rule_id': 1.0,
 u'test1': None,
 u'test2': None}
2018-02-22 15:58:56 [scrapy.core.engine] DEBUG: Crawled (200) <GET https://www.yidaiyilu.gov.cn/xwzx/gnxw/48429.htm> (referer: https://www.yidaiyilu.gov.cn/)
2018-02-22 15:58:56 [scrapy.core.scraper] DEBUG: Scraped from <200 https://www.yidaiyilu.gov.cn/xwzx/gnxw/48429.htm>
{'crawl_no': '20180222155844330',
 'link': 'https://www.yidaiyilu.gov.cn/xwzx/gnxw/48429.htm',
 'rule_id': 1.0,
 u'test1': None,
 u'test2': None}
2018-02-22 15:58:58 [scrapy.core.engine] DEBUG: Crawled (200) <GET https://www.yidaiyilu.gov.cn/xwzx/gnxw/48431.htm> (referer: https://www.yidaiyilu.gov.cn/)
2018-02-22 15:58:58 [scrapy.core.scraper] DEBUG: Scraped from <200 https://www.yidaiyilu.gov.cn/xwzx/gnxw/48431.htm>
{'crawl_no': '20180222155844330',
 'link': 'https://www.yidaiyilu.gov.cn/xwzx/gnxw/48431.htm',
 'rule_id': 1.0,
 u'test1': None,
 u'test2': None}
2018-02-22 15:59:01 [scrapy.core.engine] DEBUG: Crawled (200) <GET https://www.yidaiyilu.gov.cn/xwzx/gnxw/48445.htm> (referer: https://www.yidaiyilu.gov.cn/)
2018-02-22 15:59:01 [scrapy.core.scraper] DEBUG: Scraped from <200 https://www.yidaiyilu.gov.cn/xwzx/gnxw/48445.htm>
{'crawl_no': '20180222155844330',
 'link': 'https://www.yidaiyilu.gov.cn/xwzx/gnxw/48445.htm',
 'rule_id': 1.0,
 u'test1': None,
 u'test2': None}
2018-02-22 15:59:03 [scrapy.core.engine] DEBUG: Crawled (200) <GET https://www.yidaiyilu.gov.cn/xwzx/gnxw/48447.htm> (referer: https://www.yidaiyilu.gov.cn/)
2018-02-22 15:59:03 [scrapy.core.scraper] DEBUG: Scraped from <200 https://www.yidaiyilu.gov.cn/xwzx/gnxw/48447.htm>
{'crawl_no': '20180222155844330',
 'link': 'https://www.yidaiyilu.gov.cn/xwzx/gnxw/48447.htm',
 'rule_id': 1.0,
 u'test1': None,
 u'test2': None}
2018-02-22 15:59:04 [scrapy.core.engine] DEBUG: Crawled (200) <GET https://www.yidaiyilu.gov.cn/xwzx/gnxw/48443.htm> (referer: https://www.yidaiyilu.gov.cn/)
2018-02-22 15:59:04 [scrapy.core.scraper] DEBUG: Scraped from <200 https://www.yidaiyilu.gov.cn/xwzx/gnxw/48443.htm>
{'crawl_no': '20180222155844330',
 'link': 'https://www.yidaiyilu.gov.cn/xwzx/gnxw/48443.htm',
 'rule_id': 1.0,
 u'test1': None,
 u'test2': None}
2018-02-22 15:59:06 [scrapy.core.engine] DEBUG: Crawled (200) <GET https://www.yidaiyilu.gov.cn/xwzx/pdjdt/47889.htm> (referer: https://www.yidaiyilu.gov.cn/)
2018-02-22 15:59:06 [scrapy.core.scraper] DEBUG: Scraped from <200 https://www.yidaiyilu.gov.cn/xwzx/pdjdt/47889.htm>
{'crawl_no': '20180222155844330',
 'link': 'https://www.yidaiyilu.gov.cn/xwzx/pdjdt/47889.htm',
 'rule_id': 1.0,
 u'test1': None,
 u'test2': None}
2018-02-22 15:59:09 [scrapy.core.engine] DEBUG: Crawled (200) <GET https://www.yidaiyilu.gov.cn/xwzx/pdjdt/47866.htm> (referer: https://www.yidaiyilu.gov.cn/)
2018-02-22 15:59:09 [scrapy.core.scraper] DEBUG: Scraped from <200 https://www.yidaiyilu.gov.cn/xwzx/pdjdt/47866.htm>
{'crawl_no': '20180222155844330',
 'link': 'https://www.yidaiyilu.gov.cn/xwzx/pdjdt/47866.htm',
 'rule_id': 1.0,
 u'test1': None,
 u'test2': None}
2018-02-22 15:59:11 [scrapy.core.engine] DEBUG: Crawled (200) <GET https://www.yidaiyilu.gov.cn/xwzx/pdjdt/48399.htm> (referer: https://www.yidaiyilu.gov.cn/)
2018-02-22 15:59:11 [scrapy.core.scraper] DEBUG: Scraped from <200 https://www.yidaiyilu.gov.cn/xwzx/pdjdt/48399.htm>
{'crawl_no': '20180222155844330',
 'link': 'https://www.yidaiyilu.gov.cn/xwzx/pdjdt/48399.htm',
 'rule_id': 1.0,
 u'test1': None,
 u'test2': None}
2018-02-22 15:59:13 [scrapy.core.engine] DEBUG: Crawled (200) <GET https://www.yidaiyilu.gov.cn/footprint.htm> (referer: https://www.yidaiyilu.gov.cn/)
2018-02-22 15:59:13 [scrapy.core.scraper] DEBUG: Scraped from <200 https://www.yidaiyilu.gov.cn/footprint.htm>
{'crawl_no': '20180222155844330',
 'link': 'https://www.yidaiyilu.gov.cn/footprint.htm',
 'rule_id': 1.0,
 u'test1': None,
 u'test2': None}
2018-02-22 15:59:16 [scrapy.core.engine] DEBUG: Crawled (200) <GET https://www.yidaiyilu.gov.cn/sy/sxjdt/48364.htm> (referer: https://www.yidaiyilu.gov.cn/)
2018-02-22 15:59:16 [scrapy.core.scraper] DEBUG: Scraped from <200 https://www.yidaiyilu.gov.cn/sy/sxjdt/48364.htm>
{'crawl_no': '20180222155844330',
 'link': 'https://www.yidaiyilu.gov.cn/sy/sxjdt/48364.htm',
 'rule_id': 1.0,
 u'test1': None,
 u'test2': None}
2018-02-22 15:59:18 [scrapy.core.engine] DEBUG: Crawled (200) <GET https://www.yidaiyilu.gov.cn/xwzx/gnxw/44334.htm> (referer: https://www.yidaiyilu.gov.cn/)
2018-02-22 15:59:19 [scrapy.core.scraper] DEBUG: Scraped from <200 https://www.yidaiyilu.gov.cn/xwzx/gnxw/44334.htm>
{'crawl_no': '20180222155844330',
 'link': 'https://www.yidaiyilu.gov.cn/xwzx/gnxw/44334.htm',
 'rule_id': 1.0,
 u'test1': None,
 u'test2': None}
2018-02-22 15:59:20 [scrapy.core.engine] DEBUG: Crawled (200) <GET https://www.yidaiyilu.gov.cn/xwzx/xgcdt/47692.htm> (referer: https://www.yidaiyilu.gov.cn/)
2018-02-22 15:59:20 [scrapy.core.scraper] DEBUG: Scraped from <200 https://www.yidaiyilu.gov.cn/xwzx/xgcdt/47692.htm>
{'crawl_no': '20180222155844330',
 'link': 'https://www.yidaiyilu.gov.cn/xwzx/xgcdt/47692.htm',
 'rule_id': 1.0,
 u'test1': None,
 u'test2': None}
2018-02-22 15:59:22 [scrapy.core.engine] DEBUG: Crawled (200) <GET https://www.yidaiyilu.gov.cn/xwzx/xgcdt/48378.htm> (referer: https://www.yidaiyilu.gov.cn/)
2018-02-22 15:59:22 [scrapy.core.scraper] DEBUG: Scraped from <200 https://www.yidaiyilu.gov.cn/xwzx/xgcdt/48378.htm>
{'crawl_no': '20180222155844330',
 'link': 'https://www.yidaiyilu.gov.cn/xwzx/xgcdt/48378.htm',
 'rule_id': 1.0,
 u'test1': None,
 u'test2': None}
2018-02-22 15:59:24 [scrapy.core.engine] DEBUG: Crawled (200) <GET https://www.yidaiyilu.gov.cn/ghsl.htm> (referer: https://www.yidaiyilu.gov.cn/)
2018-02-22 15:59:25 [scrapy.core.scraper] DEBUG: Scraped from <200 https://www.yidaiyilu.gov.cn/ghsl.htm>
{'crawl_no': '20180222155844330',
 'link': 'https://www.yidaiyilu.gov.cn/ghsl.htm',
 'rule_id': 1.0,
 u'test1': None,
 u'test2': None}
2018-02-22 15:59:27 [scrapy.core.engine] DEBUG: Crawled (200) <GET https://www.yidaiyilu.gov.cn/qyfc.htm> (referer: https://www.yidaiyilu.gov.cn/)
2018-02-22 15:59:27 [scrapy.core.scraper] DEBUG: Scraped from <200 https://www.yidaiyilu.gov.cn/qyfc.htm>
{'crawl_no': '20180222155844330',
 'link': 'https://www.yidaiyilu.gov.cn/qyfc.htm',
 'rule_id': 1.0,
 u'test1': None,
 u'test2': None}
2018-02-22 15:59:28 [scrapy.statscollectors] INFO: Dumping Scrapy stats:
{'downloader/exception_count': 1,
 'downloader/exception_type_count/fake_useragent.errors.FakeUserAgentError': 1,
 'downloader/request_bytes': 6754,
 'downloader/request_count': 17,
 'downloader/request_method_count/GET': 17,
 'downloader/response_bytes': 287176,
 'downloader/response_count': 17,
 'downloader/response_status_count/200': 17,
 'finish_reason': 'shutdown',
 'finish_time': datetime.datetime(2018, 2, 22, 7, 59, 28, 1948),
 'item_scraped_count': 16,
 'log_count/DEBUG': 35,
 'log_count/ERROR': 1,
 'log_count/INFO': 8,
 'log_count/WARNING': 9,
 'memusage/max': 59359232,
 'memusage/startup': 59359232,
 'offsite/domains': 1,
 'offsite/filtered': 1,
 'request_depth_max': 1,
 'response_received_count': 17,
 'scheduler/dequeued': 18,
 'scheduler/dequeued/memory': 18,
 'scheduler/enqueued': 158,
 'scheduler/enqueued/memory': 158,
 'start_time': datetime.datetime(2018, 2, 22, 7, 58, 51, 86800)}
2018-02-22 15:59:28 [scrapy.core.engine] INFO: Spider closed (shutdown)
