2018-02-22 16:38:05 [scrapy.utils.log] INFO: Scrapy 1.4.0 started (bot: bigSpider)
2018-02-22 16:38:05 [scrapy.utils.log] INFO: Overridden settings: {'NEWSPIDER_MODULE': 'bigSpider.spiders', 'LOG_FILE': 'logs/bigSpider/regexSpider/b1b3164717ab11e88ac8a45e60bba9a9.log', 'DUPEFILTER_CLASS': 'scrapy_splash.SplashAwareDupeFilter', 'SPIDER_MODULES': ['bigSpider.spiders'], 'BOT_NAME': 'bigSpider', 'REDIRECT_ENABLED': False, 'FEED_EXPORT_ENCODING': 'utf-8', 'HTTPCACHE_STORAGE': 'scrapy_splash.SplashAwareFSCacheStorage', 'DOWNLOAD_DELAY': 2.05}
2018-02-22 16:38:05 [scrapy.middleware] INFO: Enabled extensions:
['scrapy.extensions.memusage.MemoryUsage',
 'scrapy.extensions.logstats.LogStats',
 'scrapy.extensions.telnet.TelnetConsole',
 'scrapy.extensions.corestats.CoreStats']
2018-02-22 16:38:05 [py.warnings] WARNING: /Volumes/FHCLK/develop/python/commonCrawler/lib/python2.7/site-packages/scrapy/utils/deprecate.py:156: ScrapyDeprecationWarning: `scrapy.contrib.downloadermiddleware.robotstxt.RobotsTxtMiddleware` class is deprecated, use `scrapy.downloadermiddlewares.robotstxt.RobotsTxtMiddleware` instead
  ScrapyDeprecationWarning)

2018-02-22 16:38:05 [py.warnings] WARNING: /Volumes/FHCLK/develop/python/commonCrawler/lib/python2.7/site-packages/scrapy/utils/deprecate.py:156: ScrapyDeprecationWarning: `scrapy.contrib.downloadermiddleware.cookies.CookiesMiddleware` class is deprecated, use `scrapy.downloadermiddlewares.cookies.CookiesMiddleware` instead
  ScrapyDeprecationWarning)

2018-02-22 16:38:05 [py.warnings] WARNING: /Volumes/FHCLK/develop/python/commonCrawler/lib/python2.7/site-packages/scrapy/utils/deprecate.py:156: ScrapyDeprecationWarning: `scrapy.contrib.downloadermiddleware.httpcache.HttpCacheMiddleware` class is deprecated, use `scrapy.downloadermiddlewares.httpcache.HttpCacheMiddleware` instead
  ScrapyDeprecationWarning)

2018-02-22 16:38:05 [py.warnings] WARNING: /Volumes/FHCLK/develop/python/commonCrawler/lib/python2.7/site-packages/scrapy/utils/deprecate.py:156: ScrapyDeprecationWarning: `scrapy.contrib.downloadermiddleware.stats.DownloaderStats` class is deprecated, use `scrapy.downloadermiddlewares.stats.DownloaderStats` instead
  ScrapyDeprecationWarning)

2018-02-22 16:38:05 [py.warnings] WARNING: /Volumes/FHCLK/develop/python/commonCrawler/lib/python2.7/site-packages/scrapy/utils/deprecate.py:156: ScrapyDeprecationWarning: `scrapy.contrib.downloadermiddleware.defaultheaders.DefaultHeadersMiddleware` class is deprecated, use `scrapy.downloadermiddlewares.defaultheaders.DefaultHeadersMiddleware` instead
  ScrapyDeprecationWarning)

2018-02-22 16:38:05 [py.warnings] WARNING: /Volumes/FHCLK/develop/python/commonCrawler/lib/python2.7/site-packages/scrapy/utils/deprecate.py:156: ScrapyDeprecationWarning: `scrapy.contrib.downloadermiddleware.retry.RetryMiddleware` class is deprecated, use `scrapy.downloadermiddlewares.retry.RetryMiddleware` instead
  ScrapyDeprecationWarning)

2018-02-22 16:38:05 [py.warnings] WARNING: /Volumes/FHCLK/develop/python/commonCrawler/lib/python2.7/site-packages/scrapy/utils/deprecate.py:156: ScrapyDeprecationWarning: `scrapy.contrib.downloadermiddleware.httpauth.HttpAuthMiddleware` class is deprecated, use `scrapy.downloadermiddlewares.httpauth.HttpAuthMiddleware` instead
  ScrapyDeprecationWarning)

2018-02-22 16:38:05 [scrapy.middleware] INFO: Enabled downloader middlewares:
['scrapy.downloadermiddlewares.httpauth.HttpAuthMiddleware',
 'scrapy.downloadermiddlewares.retry.RetryMiddleware',
 'bigSpider.middlewares.RandomUserAgentMiddlware',
 'scrapy.downloadermiddlewares.defaultheaders.DefaultHeadersMiddleware',
 'scrapy.downloadermiddlewares.cookies.CookiesMiddleware',
 'scrapy_splash.SplashCookiesMiddleware',
 'scrapy_splash.SplashMiddleware',
 'scrapy.downloadermiddlewares.httpcompression.HttpCompressionMiddleware',
 'scrapy.downloadermiddlewares.stats.DownloaderStats']
2018-02-22 16:38:05 [scrapy.middleware] INFO: Enabled spider middlewares:
['scrapy.spidermiddlewares.httperror.HttpErrorMiddleware',
 'scrapy_splash.SplashDeduplicateArgsMiddleware',
 'scrapy.spidermiddlewares.offsite.OffsiteMiddleware',
 'scrapy.spidermiddlewares.referer.RefererMiddleware',
 'scrapy.spidermiddlewares.urllength.UrlLengthMiddleware',
 'scrapy.spidermiddlewares.depth.DepthMiddleware']
2018-02-22 16:38:05 [py.warnings] WARNING: bigSpider/pipelines.py:124: ScrapyDeprecationWarning: Module `scrapy.contrib.pipeline` is deprecated, use `scrapy.pipelines` instead
  from scrapy.contrib.pipeline.images import ImagesPipeline

2018-02-22 16:38:05 [py.warnings] WARNING: bigSpider/pipelines.py:124: ScrapyDeprecationWarning: Module `scrapy.contrib.pipeline.images` is deprecated, use `scrapy.pipelines.images` instead
  from scrapy.contrib.pipeline.images import ImagesPipeline

2018-02-22 16:38:05 [scrapy.middleware] INFO: Enabled item pipelines:
['bigSpider.pipelines.ImageDownloadPipeline',
 'bigSpider.pipelines.BigspiderPipeline']
2018-02-22 16:38:05 [scrapy.core.engine] INFO: Spider opened
2018-02-22 16:38:05 [scrapy.extensions.logstats] INFO: Crawled 0 pages (at 0 pages/min), scraped 0 items (at 0 items/min)
2018-02-22 16:38:05 [scrapy.extensions.telnet] DEBUG: Telnet console listening on 127.0.0.1:6023
2018-02-22 16:38:06 [scrapy.core.engine] DEBUG: Crawled (200) <GET https://www.yidaiyilu.gov.cn/> (referer: None)
2018-02-22 16:38:06 [scrapy.spidermiddlewares.offsite] DEBUG: Filtered offsite request to 'www.gov.cn': <GET http://www.gov.cn/guoqing/2005-12/26/content_2652073.htm>
2018-02-22 16:38:07 [scrapy.core.engine] DEBUG: Crawled (200) <GET https://www.yidaiyilu.gov.cn/xwzx/roll/48444.htm> (referer: https://www.yidaiyilu.gov.cn/)
2018-02-22 16:38:08 [scrapy.core.scraper] DEBUG: Scraped from <200 https://www.yidaiyilu.gov.cn/xwzx/roll/48444.htm>
{'crawl_no': '20180222163758588',
 'link': 'https://www.yidaiyilu.gov.cn/xwzx/roll/48444.htm',
 'rule_id': 1.0,
 u'test1': None,
 u'test2': None}
2018-02-22 16:38:09 [scrapy.core.engine] DEBUG: Crawled (200) <GET https://www.yidaiyilu.gov.cn/xwzx/gnxw/48445.htm> (referer: https://www.yidaiyilu.gov.cn/)
2018-02-22 16:38:09 [scrapy.core.scraper] DEBUG: Scraped from <200 https://www.yidaiyilu.gov.cn/xwzx/gnxw/48445.htm>
{'crawl_no': '20180222163758588',
 'link': 'https://www.yidaiyilu.gov.cn/xwzx/gnxw/48445.htm',
 'rule_id': 1.0,
 u'test1': None,
 u'test2': None}
2018-02-22 16:38:12 [scrapy.core.engine] DEBUG: Crawled (200) <GET https://www.yidaiyilu.gov.cn/xwzx/gnxw/48447.htm> (referer: https://www.yidaiyilu.gov.cn/)
2018-02-22 16:38:12 [scrapy.core.scraper] DEBUG: Scraped from <200 https://www.yidaiyilu.gov.cn/xwzx/gnxw/48447.htm>
{'crawl_no': '20180222163758588',
 'link': 'https://www.yidaiyilu.gov.cn/xwzx/gnxw/48447.htm',
 'rule_id': 1.0,
 u'test1': None,
 u'test2': None}
2018-02-22 16:38:14 [scrapy.core.engine] DEBUG: Crawled (200) <GET https://www.yidaiyilu.gov.cn/xwzx/gnxw/48443.htm> (referer: https://www.yidaiyilu.gov.cn/)
2018-02-22 16:38:14 [scrapy.core.scraper] DEBUG: Scraped from <200 https://www.yidaiyilu.gov.cn/xwzx/gnxw/48443.htm>
{'crawl_no': '20180222163758588',
 'link': 'https://www.yidaiyilu.gov.cn/xwzx/gnxw/48443.htm',
 'rule_id': 1.0,
 u'test1': None,
 u'test2': None}
2018-02-22 16:38:17 [scrapy.core.engine] DEBUG: Crawled (200) <GET https://www.yidaiyilu.gov.cn/xwzx/pdjdt/47889.htm> (referer: https://www.yidaiyilu.gov.cn/)
2018-02-22 16:38:17 [scrapy.core.scraper] DEBUG: Scraped from <200 https://www.yidaiyilu.gov.cn/xwzx/pdjdt/47889.htm>
{'crawl_no': '20180222163758588',
 'link': 'https://www.yidaiyilu.gov.cn/xwzx/pdjdt/47889.htm',
 'rule_id': 1.0,
 u'test1': None,
 u'test2': None}
2018-02-22 16:38:19 [scrapy.core.engine] DEBUG: Crawled (200) <GET https://www.yidaiyilu.gov.cn/xwzx/pdjdt/47866.htm> (referer: https://www.yidaiyilu.gov.cn/)
2018-02-22 16:38:20 [scrapy.core.scraper] DEBUG: Scraped from <200 https://www.yidaiyilu.gov.cn/xwzx/pdjdt/47866.htm>
{'crawl_no': '20180222163758588',
 'link': 'https://www.yidaiyilu.gov.cn/xwzx/pdjdt/47866.htm',
 'rule_id': 1.0,
 u'test1': None,
 u'test2': None}
2018-02-22 16:38:22 [scrapy.core.engine] DEBUG: Crawled (200) <GET https://www.yidaiyilu.gov.cn/xwzx/pdjdt/48399.htm> (referer: https://www.yidaiyilu.gov.cn/)
2018-02-22 16:38:22 [scrapy.core.scraper] DEBUG: Scraped from <200 https://www.yidaiyilu.gov.cn/xwzx/pdjdt/48399.htm>
{'crawl_no': '20180222163758588',
 'link': 'https://www.yidaiyilu.gov.cn/xwzx/pdjdt/48399.htm',
 'rule_id': 1.0,
 u'test1': None,
 u'test2': None}
2018-02-22 16:38:24 [scrapy.core.engine] DEBUG: Crawled (200) <GET https://www.yidaiyilu.gov.cn/footprint.htm> (referer: https://www.yidaiyilu.gov.cn/)
2018-02-22 16:38:24 [scrapy.core.scraper] DEBUG: Scraped from <200 https://www.yidaiyilu.gov.cn/footprint.htm>
{'crawl_no': '20180222163758588',
 'link': 'https://www.yidaiyilu.gov.cn/footprint.htm',
 'rule_id': 1.0,
 u'test1': None,
 u'test2': None}
2018-02-22 16:38:27 [scrapy.core.engine] DEBUG: Crawled (200) <GET https://www.yidaiyilu.gov.cn/sy/sxjdt/48364.htm> (referer: https://www.yidaiyilu.gov.cn/)
2018-02-22 16:38:27 [scrapy.core.scraper] DEBUG: Scraped from <200 https://www.yidaiyilu.gov.cn/sy/sxjdt/48364.htm>
{'crawl_no': '20180222163758588',
 'link': 'https://www.yidaiyilu.gov.cn/sy/sxjdt/48364.htm',
 'rule_id': 1.0,
 u'test1': None,
 u'test2': None}
2018-02-22 16:38:29 [scrapy.core.engine] DEBUG: Crawled (200) <GET https://www.yidaiyilu.gov.cn/xwzx/gnxw/44334.htm> (referer: https://www.yidaiyilu.gov.cn/)
2018-02-22 16:38:30 [scrapy.core.scraper] DEBUG: Scraped from <200 https://www.yidaiyilu.gov.cn/xwzx/gnxw/44334.htm>
{'crawl_no': '20180222163758588',
 'link': 'https://www.yidaiyilu.gov.cn/xwzx/gnxw/44334.htm',
 'rule_id': 1.0,
 u'test1': None,
 u'test2': None}
2018-02-22 16:38:32 [scrapy.core.engine] DEBUG: Crawled (200) <GET https://www.yidaiyilu.gov.cn/xwzx/gnxw/47998.htm> (referer: https://www.yidaiyilu.gov.cn/)
2018-02-22 16:38:33 [scrapy.core.scraper] DEBUG: Scraped from <200 https://www.yidaiyilu.gov.cn/xwzx/gnxw/47998.htm>
{'crawl_no': '20180222163758588',
 'link': 'https://www.yidaiyilu.gov.cn/xwzx/gnxw/47998.htm',
 'rule_id': 1.0,
 u'test1': None,
 u'test2': None}
2018-02-22 16:38:35 [scrapy.core.engine] DEBUG: Crawled (200) <GET https://www.yidaiyilu.gov.cn/xwzx/xgcdt/47692.htm> (referer: https://www.yidaiyilu.gov.cn/)
2018-02-22 16:38:35 [scrapy.core.scraper] DEBUG: Scraped from <200 https://www.yidaiyilu.gov.cn/xwzx/xgcdt/47692.htm>
{'crawl_no': '20180222163758588',
 'link': 'https://www.yidaiyilu.gov.cn/xwzx/xgcdt/47692.htm',
 'rule_id': 1.0,
 u'test1': None,
 u'test2': None}
2018-02-22 16:38:38 [scrapy.core.engine] DEBUG: Crawled (200) <GET https://www.yidaiyilu.gov.cn/xwzx/xgcdt/48378.htm> (referer: https://www.yidaiyilu.gov.cn/)
2018-02-22 16:38:38 [scrapy.core.scraper] DEBUG: Scraped from <200 https://www.yidaiyilu.gov.cn/xwzx/xgcdt/48378.htm>
{'crawl_no': '20180222163758588',
 'link': 'https://www.yidaiyilu.gov.cn/xwzx/xgcdt/48378.htm',
 'rule_id': 1.0,
 u'test1': None,
 u'test2': None}
2018-02-22 16:38:40 [scrapy.core.engine] DEBUG: Crawled (200) <GET https://www.yidaiyilu.gov.cn/ghsl.htm> (referer: https://www.yidaiyilu.gov.cn/)
2018-02-22 16:38:40 [scrapy.core.scraper] DEBUG: Scraped from <200 https://www.yidaiyilu.gov.cn/ghsl.htm>
{'crawl_no': '20180222163758588',
 'link': 'https://www.yidaiyilu.gov.cn/ghsl.htm',
 'rule_id': 1.0,
 u'test1': None,
 u'test2': None}
2018-02-22 16:38:43 [scrapy.core.engine] DEBUG: Crawled (200) <GET https://www.yidaiyilu.gov.cn/qyfc.htm> (referer: https://www.yidaiyilu.gov.cn/)
2018-02-22 16:38:43 [scrapy.core.scraper] DEBUG: Scraped from <200 https://www.yidaiyilu.gov.cn/qyfc.htm>
{'crawl_no': '20180222163758588',
 'link': 'https://www.yidaiyilu.gov.cn/qyfc.htm',
 'rule_id': 1.0,
 u'test1': None,
 u'test2': None}
2018-02-22 16:38:45 [scrapy.core.engine] DEBUG: Crawled (200) <GET https://www.yidaiyilu.gov.cn/gbjj.htm> (referer: https://www.yidaiyilu.gov.cn/)
2018-02-22 16:38:45 [scrapy.core.scraper] DEBUG: Scraped from <200 https://www.yidaiyilu.gov.cn/gbjj.htm>
{'crawl_no': '20180222163758588',
 'link': 'https://www.yidaiyilu.gov.cn/gbjj.htm',
 'rule_id': 1.0,
 u'test1': None,
 u'test2': None}
2018-02-22 16:38:48 [scrapy.core.engine] DEBUG: Crawled (200) <GET https://www.yidaiyilu.gov.cn/sy/gxwm/5059.htm> (referer: https://www.yidaiyilu.gov.cn/)
2018-02-22 16:38:48 [scrapy.core.scraper] DEBUG: Scraped from <200 https://www.yidaiyilu.gov.cn/sy/gxwm/5059.htm>
{'crawl_no': '20180222163758588',
 'link': 'https://www.yidaiyilu.gov.cn/sy/gxwm/5059.htm',
 'rule_id': 1.0,
 u'test1': None,
 u'test2': None}
2018-02-22 16:38:50 [scrapy.core.engine] DEBUG: Crawled (302) <GET http://www.yidaiyilu.gov.cn/ghsl.htm> (referer: None)
2018-02-22 16:38:50 [scrapy.core.scraper] DEBUG: Scraped from <302 http://www.yidaiyilu.gov.cn/ghsl.htm>
{'crawl_no': '20180222163758588',
 'link': 'http://www.yidaiyilu.gov.cn/ghsl.htm',
 'rule_id': 1.0,
 u'test1': None,
 u'test2': None}
2018-02-22 16:38:52 [scrapy.core.engine] DEBUG: Crawled (302) <GET http://www.yidaiyilu.gov.cn/qyfc.htm> (referer: None)
2018-02-22 16:38:52 [scrapy.core.scraper] DEBUG: Scraped from <302 http://www.yidaiyilu.gov.cn/qyfc.htm>
{'crawl_no': '20180222163758588',
 'link': 'http://www.yidaiyilu.gov.cn/qyfc.htm',
 'rule_id': 1.0,
 u'test1': None,
 u'test2': None}
2018-02-22 16:38:55 [scrapy.core.engine] DEBUG: Crawled (302) <GET http://www.yidaiyilu.gov.cn/zchj.htm> (referer: None)
2018-02-22 16:38:55 [scrapy.core.scraper] DEBUG: Scraped from <302 http://www.yidaiyilu.gov.cn/zchj.htm>
{'crawl_no': '20180222163758588',
 'link': 'http://www.yidaiyilu.gov.cn/zchj.htm',
 'rule_id': 1.0,
 u'test1': None,
 u'test2': None}
2018-02-22 16:38:57 [scrapy.core.engine] DEBUG: Crawled (200) <GET https://www.yidaiyilu.gov.cn/ghsl/slsg/39012.htm> (referer: https://www.yidaiyilu.gov.cn/)
2018-02-22 16:38:57 [scrapy.core.scraper] DEBUG: Scraped from <200 https://www.yidaiyilu.gov.cn/ghsl/slsg/39012.htm>
{'crawl_no': '20180222163758588',
 'link': 'https://www.yidaiyilu.gov.cn/ghsl/slsg/39012.htm',
 'rule_id': 1.0,
 u'test1': None,
 u'test2': None}
2018-02-22 16:38:59 [scrapy.core.engine] DEBUG: Crawled (200) <GET https://www.yidaiyilu.gov.cn/ghsl/slsg/42693.htm> (referer: https://www.yidaiyilu.gov.cn/)
2018-02-22 16:38:59 [scrapy.core.scraper] DEBUG: Scraped from <200 https://www.yidaiyilu.gov.cn/ghsl/slsg/42693.htm>
{'crawl_no': '20180222163758588',
 'link': 'https://www.yidaiyilu.gov.cn/ghsl/slsg/42693.htm',
 'rule_id': 1.0,
 u'test1': None,
 u'test2': None}
2018-02-22 16:39:01 [scrapy.core.engine] DEBUG: Crawled (200) <GET https://www.yidaiyilu.gov.cn/ghsl/slsg/42779.htm> (referer: https://www.yidaiyilu.gov.cn/)
2018-02-22 16:39:01 [scrapy.core.scraper] ERROR: Error downloading <GET http://www.yidaiyilu.gov.cn/datasearch.htm?0>
Traceback (most recent call last):
  File "/Volumes/FHCLK/develop/python/commonCrawler/lib/python2.7/site-packages/twisted/internet/defer.py", line 1386, in _inlineCallbacks
    result = g.send(result)
  File "/Volumes/FHCLK/develop/python/commonCrawler/lib/python2.7/site-packages/scrapy/core/downloader/middleware.py", line 37, in process_request
    response = yield method(request=request, spider=spider)
  File "bigSpider/middlewares.py", line 78, in process_request
    request.headers.setdefault('User_Agent',get_ua())
  File "bigSpider/middlewares.py", line 76, in get_ua
    return getattr(self.ua,self.ua_type)
  File "/Volumes/FHCLK/develop/python/commonCrawler/lib/python2.7/site-packages/fake_useragent/fake.py", line 139, in __getattr__
    raise FakeUserAgentError('Error occurred during getting browser')  # noqa
FakeUserAgentError: Error occurred during getting browser
2018-02-22 16:39:01 [scrapy.core.scraper] DEBUG: Scraped from <200 https://www.yidaiyilu.gov.cn/ghsl/slsg/42779.htm>
{'crawl_no': '20180222163758588',
 'link': 'https://www.yidaiyilu.gov.cn/ghsl/slsg/42779.htm',
 'rule_id': 1.0,
 u'test1': None,
 u'test2': None}
2018-02-22 16:39:04 [scrapy.core.engine] DEBUG: Crawled (200) <GET https://www.yidaiyilu.gov.cn/ghsl/slsg/46529.htm> (referer: https://www.yidaiyilu.gov.cn/)
2018-02-22 16:39:04 [scrapy.core.scraper] DEBUG: Scraped from <200 https://www.yidaiyilu.gov.cn/ghsl/slsg/46529.htm>
{'crawl_no': '20180222163758588',
 'link': 'https://www.yidaiyilu.gov.cn/ghsl/slsg/46529.htm',
 'rule_id': 1.0,
 u'test1': None,
 u'test2': None}
2018-02-22 16:39:05 [scrapy.extensions.logstats] INFO: Crawled 25 pages (at 25 pages/min), scraped 24 items (at 24 items/min)
2018-02-22 16:39:06 [scrapy.core.engine] DEBUG: Crawled (200) <GET https://www.yidaiyilu.gov.cn/ghsl/slsg/46531.htm> (referer: https://www.yidaiyilu.gov.cn/)
2018-02-22 16:39:06 [scrapy.core.scraper] DEBUG: Scraped from <200 https://www.yidaiyilu.gov.cn/ghsl/slsg/46531.htm>
{'crawl_no': '20180222163758588',
 'link': 'https://www.yidaiyilu.gov.cn/ghsl/slsg/46531.htm',
 'rule_id': 1.0,
 u'test1': None,
 u'test2': None}
2018-02-22 16:39:08 [scrapy.core.engine] DEBUG: Crawled (200) <GET https://www.yidaiyilu.gov.cn/ghsl/gnzjgd/47883.htm> (referer: https://www.yidaiyilu.gov.cn/)
2018-02-22 16:39:08 [scrapy.core.scraper] DEBUG: Scraped from <200 https://www.yidaiyilu.gov.cn/ghsl/gnzjgd/47883.htm>
{'crawl_no': '20180222163758588',
 'link': 'https://www.yidaiyilu.gov.cn/ghsl/gnzjgd/47883.htm',
 'rule_id': 1.0,
 u'test1': None,
 u'test2': None}
2018-02-22 16:39:11 [scrapy.core.engine] DEBUG: Crawled (200) <GET https://www.yidaiyilu.gov.cn/ghsl/gnzjgd/48418.htm> (referer: https://www.yidaiyilu.gov.cn/)
2018-02-22 16:39:11 [scrapy.core.scraper] DEBUG: Scraped from <200 https://www.yidaiyilu.gov.cn/ghsl/gnzjgd/48418.htm>
{'crawl_no': '20180222163758588',
 'link': 'https://www.yidaiyilu.gov.cn/ghsl/gnzjgd/48418.htm',
 'rule_id': 1.0,
 u'test1': None,
 u'test2': None}
2018-02-22 16:39:14 [scrapy.core.engine] DEBUG: Crawled (200) <GET https://www.yidaiyilu.gov.cn/ghsl/gnzjgd/48462.htm> (referer: https://www.yidaiyilu.gov.cn/)
2018-02-22 16:39:14 [scrapy.core.scraper] DEBUG: Scraped from <200 https://www.yidaiyilu.gov.cn/ghsl/gnzjgd/48462.htm>
{'crawl_no': '20180222163758588',
 'link': 'https://www.yidaiyilu.gov.cn/ghsl/gnzjgd/48462.htm',
 'rule_id': 1.0,
 u'test1': None,
 u'test2': None}
2018-02-22 16:39:16 [scrapy.core.engine] DEBUG: Crawled (200) <GET https://www.yidaiyilu.gov.cn/ghsl/gnzjgd/48215.htm> (referer: https://www.yidaiyilu.gov.cn/)
2018-02-22 16:39:16 [scrapy.core.scraper] DEBUG: Scraped from <200 https://www.yidaiyilu.gov.cn/ghsl/gnzjgd/48215.htm>
{'crawl_no': '20180222163758588',
 'link': 'https://www.yidaiyilu.gov.cn/ghsl/gnzjgd/48215.htm',
 'rule_id': 1.0,
 u'test1': None,
 u'test2': None}
2018-02-22 16:39:19 [scrapy.core.engine] DEBUG: Crawled (200) <GET https://www.yidaiyilu.gov.cn/ghsl/hwksl/48205.htm> (referer: https://www.yidaiyilu.gov.cn/)
2018-02-22 16:39:19 [scrapy.core.scraper] DEBUG: Scraped from <200 https://www.yidaiyilu.gov.cn/ghsl/hwksl/48205.htm>
{'crawl_no': '20180222163758588',
 'link': 'https://www.yidaiyilu.gov.cn/ghsl/hwksl/48205.htm',
 'rule_id': 1.0,
 u'test1': None,
 u'test2': None}
2018-02-22 16:39:22 [scrapy.core.engine] DEBUG: Crawled (200) <GET https://www.yidaiyilu.gov.cn/ghsl/hwksl/48421.htm> (referer: https://www.yidaiyilu.gov.cn/)
2018-02-22 16:39:22 [scrapy.core.scraper] DEBUG: Scraped from <200 https://www.yidaiyilu.gov.cn/ghsl/hwksl/48421.htm>
{'crawl_no': '20180222163758588',
 'link': 'https://www.yidaiyilu.gov.cn/ghsl/hwksl/48421.htm',
 'rule_id': 1.0,
 u'test1': None,
 u'test2': None}
2018-02-22 16:39:25 [scrapy.core.engine] DEBUG: Crawled (200) <GET https://www.yidaiyilu.gov.cn/ghsl/hwksl/48423.htm> (referer: https://www.yidaiyilu.gov.cn/)
2018-02-22 16:39:25 [scrapy.core.scraper] DEBUG: Scraped from <200 https://www.yidaiyilu.gov.cn/ghsl/hwksl/48423.htm>
{'crawl_no': '20180222163758588',
 'link': 'https://www.yidaiyilu.gov.cn/ghsl/hwksl/48423.htm',
 'rule_id': 1.0,
 u'test1': None,
 u'test2': None}
2018-02-22 16:39:28 [scrapy.core.engine] DEBUG: Crawled (200) <GET https://www.yidaiyilu.gov.cn/ghsl/hwksl/48022.htm> (referer: https://www.yidaiyilu.gov.cn/)
2018-02-22 16:39:28 [scrapy.core.scraper] DEBUG: Scraped from <200 https://www.yidaiyilu.gov.cn/ghsl/hwksl/48022.htm>
{'crawl_no': '20180222163758588',
 'link': 'https://www.yidaiyilu.gov.cn/ghsl/hwksl/48022.htm',
 'rule_id': 1.0,
 u'test1': None,
 u'test2': None}
2018-02-22 16:39:30 [scrapy.core.engine] DEBUG: Crawled (200) <GET https://www.yidaiyilu.gov.cn/xwzx/gnxw/41458.htm> (referer: https://www.yidaiyilu.gov.cn/)
2018-02-22 16:39:31 [scrapy.core.scraper] DEBUG: Scraped from <200 https://www.yidaiyilu.gov.cn/xwzx/gnxw/41458.htm>
{'crawl_no': '20180222163758588',
 'link': 'https://www.yidaiyilu.gov.cn/xwzx/gnxw/41458.htm',
 'rule_id': 1.0,
 u'test1': None,
 u'test2': None}
2018-02-22 16:39:33 [scrapy.core.engine] DEBUG: Crawled (200) <GET https://www.yidaiyilu.gov.cn/xwzx/gnxw/43662.htm> (referer: https://www.yidaiyilu.gov.cn/)
2018-02-22 16:39:33 [scrapy.core.scraper] DEBUG: Scraped from <200 https://www.yidaiyilu.gov.cn/xwzx/gnxw/43662.htm>
{'crawl_no': '20180222163758588',
 'link': 'https://www.yidaiyilu.gov.cn/xwzx/gnxw/43662.htm',
 'rule_id': 1.0,
 u'test1': None,
 u'test2': None}
2018-02-22 16:39:36 [scrapy.core.engine] DEBUG: Crawled (302) <GET http://www.yidaiyilu.gov.cn/datasearch.htm?3> (referer: None)
2018-02-22 16:39:36 [scrapy.core.scraper] DEBUG: Scraped from <302 http://www.yidaiyilu.gov.cn/datasearch.htm?3>
{'crawl_no': '20180222163758588',
 'link': 'http://www.yidaiyilu.gov.cn/datasearch.htm?3',
 'rule_id': 1.0,
 u'test1': None,
 u'test2': None}
2018-02-22 16:39:38 [scrapy.core.engine] DEBUG: Crawled (302) <GET http://www.yidaiyilu.gov.cn/datasearch.htm?2> (referer: None)
2018-02-22 16:39:39 [scrapy.core.scraper] DEBUG: Scraped from <302 http://www.yidaiyilu.gov.cn/datasearch.htm?2>
{'crawl_no': '20180222163758588',
 'link': 'http://www.yidaiyilu.gov.cn/datasearch.htm?2',
 'rule_id': 1.0,
 u'test1': None,
 u'test2': None}
2018-02-22 16:39:41 [scrapy.core.engine] DEBUG: Crawled (302) <GET http://www.yidaiyilu.gov.cn/datasearch.htm?1> (referer: None)
2018-02-22 16:39:41 [scrapy.core.scraper] DEBUG: Scraped from <302 http://www.yidaiyilu.gov.cn/datasearch.htm?1>
{'crawl_no': '20180222163758588',
 'link': 'http://www.yidaiyilu.gov.cn/datasearch.htm?1',
 'rule_id': 1.0,
 u'test1': None,
 u'test2': None}
2018-02-22 16:39:43 [scrapy.core.engine] DEBUG: Crawled (200) <GET https://www.yidaiyilu.gov.cn/qyfc/wqzx/9331.htm> (referer: https://www.yidaiyilu.gov.cn/)
2018-02-22 16:39:43 [scrapy.core.scraper] DEBUG: Scraped from <200 https://www.yidaiyilu.gov.cn/qyfc/wqzx/9331.htm>
{'crawl_no': '20180222163758588',
 'link': 'https://www.yidaiyilu.gov.cn/qyfc/wqzx/9331.htm',
 'rule_id': 1.0,
 u'test1': None,
 u'test2': None}
2018-02-22 16:39:46 [scrapy.core.engine] DEBUG: Crawled (200) <GET https://www.yidaiyilu.gov.cn/sy/xwqzx/9669.htm> (referer: https://www.yidaiyilu.gov.cn/)
2018-02-22 16:39:46 [scrapy.core.scraper] DEBUG: Scraped from <200 https://www.yidaiyilu.gov.cn/sy/xwqzx/9669.htm>
{'crawl_no': '20180222163758588',
 'link': 'https://www.yidaiyilu.gov.cn/sy/xwqzx/9669.htm',
 'rule_id': 1.0,
 u'test1': None,
 u'test2': None}
2018-02-22 16:39:49 [scrapy.core.engine] DEBUG: Crawled (200) <GET https://www.yidaiyilu.gov.cn/sy/xwqzx/9790.htm> (referer: https://www.yidaiyilu.gov.cn/)
2018-02-22 16:39:49 [scrapy.core.scraper] DEBUG: Scraped from <200 https://www.yidaiyilu.gov.cn/sy/xwqzx/9790.htm>
{'crawl_no': '20180222163758588',
 'link': 'https://www.yidaiyilu.gov.cn/sy/xwqzx/9790.htm',
 'rule_id': 1.0,
 u'test1': None,
 u'test2': None}
2018-02-22 16:39:52 [scrapy.core.engine] DEBUG: Crawled (200) <GET https://www.yidaiyilu.gov.cn/sy/xwqzx/9678.htm> (referer: https://www.yidaiyilu.gov.cn/)
2018-02-22 16:39:52 [scrapy.core.scraper] DEBUG: Scraped from <200 https://www.yidaiyilu.gov.cn/sy/xwqzx/9678.htm>
{'crawl_no': '20180222163758588',
 'link': 'https://www.yidaiyilu.gov.cn/sy/xwqzx/9678.htm',
 'rule_id': 1.0,
 u'test1': None,
 u'test2': None}
2018-02-22 16:39:54 [scrapy.core.engine] DEBUG: Crawled (200) <GET https://www.yidaiyilu.gov.cn/sy/xwqzx/9687.htm> (referer: https://www.yidaiyilu.gov.cn/)
2018-02-22 16:39:54 [scrapy.core.scraper] DEBUG: Scraped from <200 https://www.yidaiyilu.gov.cn/sy/xwqzx/9687.htm>
{'crawl_no': '20180222163758588',
 'link': 'https://www.yidaiyilu.gov.cn/sy/xwqzx/9687.htm',
 'rule_id': 1.0,
 u'test1': None,
 u'test2': None}
2018-02-22 16:39:56 [scrapy.core.engine] DEBUG: Crawled (200) <GET https://www.yidaiyilu.gov.cn/sy/xwqzx/9680.htm> (referer: https://www.yidaiyilu.gov.cn/)
2018-02-22 16:39:56 [scrapy.core.scraper] DEBUG: Scraped from <200 https://www.yidaiyilu.gov.cn/sy/xwqzx/9680.htm>
{'crawl_no': '20180222163758588',
 'link': 'https://www.yidaiyilu.gov.cn/sy/xwqzx/9680.htm',
 'rule_id': 1.0,
 u'test1': None,
 u'test2': None}
2018-02-22 16:39:57 [scrapy.core.engine] DEBUG: Crawled (200) <GET https://www.yidaiyilu.gov.cn/xwzx/gnxw/42722.htm> (referer: https://www.yidaiyilu.gov.cn/)
2018-02-22 16:39:58 [scrapy.core.scraper] DEBUG: Scraped from <200 https://www.yidaiyilu.gov.cn/xwzx/gnxw/42722.htm>
{'crawl_no': '20180222163758588',
 'link': 'https://www.yidaiyilu.gov.cn/xwzx/gnxw/42722.htm',
 'rule_id': 1.0,
 u'test1': None,
 u'test2': None}
2018-02-22 16:39:59 [scrapy.core.engine] DEBUG: Crawled (200) <GET https://www.yidaiyilu.gov.cn/sy/xwqzx/9679.htm> (referer: https://www.yidaiyilu.gov.cn/)
2018-02-22 16:39:59 [scrapy.core.scraper] DEBUG: Scraped from <200 https://www.yidaiyilu.gov.cn/sy/xwqzx/9679.htm>
{'crawl_no': '20180222163758588',
 'link': 'https://www.yidaiyilu.gov.cn/sy/xwqzx/9679.htm',
 'rule_id': 1.0,
 u'test1': None,
 u'test2': None}
2018-02-22 16:40:02 [scrapy.core.engine] DEBUG: Crawled (200) <GET https://www.yidaiyilu.gov.cn/xwzx/hwxw/28926.htm> (referer: https://www.yidaiyilu.gov.cn/)
2018-02-22 16:40:02 [scrapy.core.scraper] DEBUG: Scraped from <200 https://www.yidaiyilu.gov.cn/xwzx/hwxw/28926.htm>
{'crawl_no': '20180222163758588',
 'link': 'https://www.yidaiyilu.gov.cn/xwzx/hwxw/28926.htm',
 'rule_id': 1.0,
 u'test1': None,
 u'test2': None}
2018-02-22 16:40:04 [scrapy.core.engine] DEBUG: Crawled (200) <GET https://www.yidaiyilu.gov.cn/xwzx/gnxw/29416.htm> (referer: https://www.yidaiyilu.gov.cn/)
2018-02-22 16:40:05 [scrapy.core.scraper] DEBUG: Scraped from <200 https://www.yidaiyilu.gov.cn/xwzx/gnxw/29416.htm>
{'crawl_no': '20180222163758588',
 'link': 'https://www.yidaiyilu.gov.cn/xwzx/gnxw/29416.htm',
 'rule_id': 1.0,
 u'test1': None,
 u'test2': None}
2018-02-22 16:40:05 [scrapy.extensions.logstats] INFO: Crawled 49 pages (at 24 pages/min), scraped 48 items (at 24 items/min)
2018-02-22 16:40:07 [scrapy.core.engine] DEBUG: Crawled (200) <GET https://www.yidaiyilu.gov.cn/xwzx/hwxw/30116.htm> (referer: https://www.yidaiyilu.gov.cn/)
2018-02-22 16:40:07 [scrapy.core.scraper] ERROR: Error downloading <GET https://www.yidaiyilu.gov.cn/xwzx/hwxw/42251.htm>
Traceback (most recent call last):
  File "/Volumes/FHCLK/develop/python/commonCrawler/lib/python2.7/site-packages/twisted/internet/defer.py", line 1386, in _inlineCallbacks
    result = g.send(result)
  File "/Volumes/FHCLK/develop/python/commonCrawler/lib/python2.7/site-packages/scrapy/core/downloader/middleware.py", line 37, in process_request
    response = yield method(request=request, spider=spider)
  File "bigSpider/middlewares.py", line 78, in process_request
    request.headers.setdefault('User_Agent',get_ua())
  File "bigSpider/middlewares.py", line 76, in get_ua
    return getattr(self.ua,self.ua_type)
  File "/Volumes/FHCLK/develop/python/commonCrawler/lib/python2.7/site-packages/fake_useragent/fake.py", line 139, in __getattr__
    raise FakeUserAgentError('Error occurred during getting browser')  # noqa
FakeUserAgentError: Error occurred during getting browser
2018-02-22 16:40:07 [scrapy.core.scraper] DEBUG: Scraped from <200 https://www.yidaiyilu.gov.cn/xwzx/hwxw/30116.htm>
{'crawl_no': '20180222163758588',
 'link': 'https://www.yidaiyilu.gov.cn/xwzx/hwxw/30116.htm',
 'rule_id': 1.0,
 u'test1': None,
 u'test2': None}
2018-02-22 16:40:09 [scrapy.core.engine] DEBUG: Crawled (200) <GET https://www.yidaiyilu.gov.cn/xwzx/hwxw/32819.htm> (referer: https://www.yidaiyilu.gov.cn/)
2018-02-22 16:40:09 [scrapy.core.scraper] DEBUG: Scraped from <200 https://www.yidaiyilu.gov.cn/xwzx/hwxw/32819.htm>
{'crawl_no': '20180222163758588',
 'link': 'https://www.yidaiyilu.gov.cn/xwzx/hwxw/32819.htm',
 'rule_id': 1.0,
 u'test1': None,
 u'test2': None}
2018-02-22 16:40:11 [scrapy.core.engine] DEBUG: Crawled (200) <GET https://www.yidaiyilu.gov.cn/xwzx/hwxw/34491.htm> (referer: https://www.yidaiyilu.gov.cn/)
2018-02-22 16:40:11 [scrapy.core.scraper] DEBUG: Scraped from <200 https://www.yidaiyilu.gov.cn/xwzx/hwxw/34491.htm>
{'crawl_no': '20180222163758588',
 'link': 'https://www.yidaiyilu.gov.cn/xwzx/hwxw/34491.htm',
 'rule_id': 1.0,
 u'test1': None,
 u'test2': None}
2018-02-22 16:40:13 [scrapy.core.engine] DEBUG: Crawled (200) <GET https://www.yidaiyilu.gov.cn/xwzx/gnxw/43252.htm> (referer: https://www.yidaiyilu.gov.cn/)
2018-02-22 16:40:13 [scrapy.core.scraper] DEBUG: Scraped from <200 https://www.yidaiyilu.gov.cn/xwzx/gnxw/43252.htm>
{'crawl_no': '20180222163758588',
 'link': 'https://www.yidaiyilu.gov.cn/xwzx/gnxw/43252.htm',
 'rule_id': 1.0,
 u'test1': None,
 u'test2': None}
2018-02-22 16:40:15 [scrapy.core.engine] DEBUG: Crawled (200) <GET https://www.yidaiyilu.gov.cn/xwzx/hwxw/41798.htm> (referer: https://www.yidaiyilu.gov.cn/)
2018-02-22 16:40:15 [scrapy.core.scraper] ERROR: Error downloading <GET https://www.yidaiyilu.gov.cn/sy/xxmal/9630.htm>
Traceback (most recent call last):
  File "/Volumes/FHCLK/develop/python/commonCrawler/lib/python2.7/site-packages/twisted/internet/defer.py", line 1386, in _inlineCallbacks
    result = g.send(result)
  File "/Volumes/FHCLK/develop/python/commonCrawler/lib/python2.7/site-packages/scrapy/core/downloader/middleware.py", line 37, in process_request
    response = yield method(request=request, spider=spider)
  File "bigSpider/middlewares.py", line 78, in process_request
    request.headers.setdefault('User_Agent',get_ua())
  File "bigSpider/middlewares.py", line 76, in get_ua
    return getattr(self.ua,self.ua_type)
  File "/Volumes/FHCLK/develop/python/commonCrawler/lib/python2.7/site-packages/fake_useragent/fake.py", line 139, in __getattr__
    raise FakeUserAgentError('Error occurred during getting browser')  # noqa
FakeUserAgentError: Error occurred during getting browser
2018-02-22 16:40:15 [scrapy.core.scraper] DEBUG: Scraped from <200 https://www.yidaiyilu.gov.cn/xwzx/hwxw/41798.htm>
{'crawl_no': '20180222163758588',
 'link': 'https://www.yidaiyilu.gov.cn/xwzx/hwxw/41798.htm',
 'rule_id': 1.0,
 u'test1': None,
 u'test2': None}
2018-02-22 16:40:18 [scrapy.core.engine] DEBUG: Crawled (200) <GET https://www.yidaiyilu.gov.cn/xwzx/gnxw/42253.htm> (referer: https://www.yidaiyilu.gov.cn/)
2018-02-22 16:40:18 [scrapy.core.scraper] DEBUG: Scraped from <200 https://www.yidaiyilu.gov.cn/xwzx/gnxw/42253.htm>
{'crawl_no': '20180222163758588',
 'link': 'https://www.yidaiyilu.gov.cn/xwzx/gnxw/42253.htm',
 'rule_id': 1.0,
 u'test1': None,
 u'test2': None}
2018-02-22 16:40:21 [scrapy.core.engine] DEBUG: Crawled (200) <GET https://www.yidaiyilu.gov.cn/xwzx/hwxw/42303.htm> (referer: https://www.yidaiyilu.gov.cn/)
2018-02-22 16:40:21 [scrapy.core.scraper] DEBUG: Scraped from <200 https://www.yidaiyilu.gov.cn/xwzx/hwxw/42303.htm>
{'crawl_no': '20180222163758588',
 'link': 'https://www.yidaiyilu.gov.cn/xwzx/hwxw/42303.htm',
 'rule_id': 1.0,
 u'test1': None,
 u'test2': None}
2018-02-22 16:40:23 [scrapy.core.engine] DEBUG: Crawled (200) <GET https://www.yidaiyilu.gov.cn/xwzx/hwxw/42534.htm> (referer: https://www.yidaiyilu.gov.cn/)
2018-02-22 16:40:23 [scrapy.core.scraper] DEBUG: Scraped from <200 https://www.yidaiyilu.gov.cn/xwzx/hwxw/42534.htm>
{'crawl_no': '20180222163758588',
 'link': 'https://www.yidaiyilu.gov.cn/xwzx/hwxw/42534.htm',
 'rule_id': 1.0,
 u'test1': None,
 u'test2': None}
2018-02-22 16:40:25 [scrapy.core.engine] DEBUG: Crawled (200) <GET https://www.yidaiyilu.gov.cn/xwzx/gnxw/42577.htm> (referer: https://www.yidaiyilu.gov.cn/)
2018-02-22 16:40:25 [scrapy.core.scraper] DEBUG: Scraped from <200 https://www.yidaiyilu.gov.cn/xwzx/gnxw/42577.htm>
{'crawl_no': '20180222163758588',
 'link': 'https://www.yidaiyilu.gov.cn/xwzx/gnxw/42577.htm',
 'rule_id': 1.0,
 u'test1': None,
 u'test2': None}
2018-02-22 16:40:28 [scrapy.core.engine] DEBUG: Crawled (200) <GET https://www.yidaiyilu.gov.cn/xwzx/hwxw/43940.htm> (referer: https://www.yidaiyilu.gov.cn/)
2018-02-22 16:40:28 [scrapy.core.scraper] DEBUG: Scraped from <200 https://www.yidaiyilu.gov.cn/xwzx/hwxw/43940.htm>
{'crawl_no': '20180222163758588',
 'link': 'https://www.yidaiyilu.gov.cn/xwzx/hwxw/43940.htm',
 'rule_id': 1.0,
 u'test1': None,
 u'test2': None}
2018-02-22 16:40:31 [scrapy.core.engine] DEBUG: Crawled (200) <GET https://www.yidaiyilu.gov.cn/xwzx/hwxw/44985.htm> (referer: https://www.yidaiyilu.gov.cn/)
2018-02-22 16:40:31 [scrapy.core.scraper] DEBUG: Scraped from <200 https://www.yidaiyilu.gov.cn/xwzx/hwxw/44985.htm>
{'crawl_no': '20180222163758588',
 'link': 'https://www.yidaiyilu.gov.cn/xwzx/hwxw/44985.htm',
 'rule_id': 1.0,
 u'test1': None,
 u'test2': None}
2018-02-22 16:40:34 [scrapy.core.engine] DEBUG: Crawled (200) <GET https://www.yidaiyilu.gov.cn/xwzx/hwxw/45992.htm> (referer: https://www.yidaiyilu.gov.cn/)
2018-02-22 16:40:34 [scrapy.core.scraper] DEBUG: Scraped from <200 https://www.yidaiyilu.gov.cn/xwzx/hwxw/45992.htm>
{'crawl_no': '20180222163758588',
 'link': 'https://www.yidaiyilu.gov.cn/xwzx/hwxw/45992.htm',
 'rule_id': 1.0,
 u'test1': None,
 u'test2': None}
2018-02-22 16:40:36 [scrapy.core.engine] DEBUG: Crawled (200) <GET https://www.yidaiyilu.gov.cn/xwzx/gnxw/46857.htm> (referer: https://www.yidaiyilu.gov.cn/)
2018-02-22 16:40:36 [scrapy.core.scraper] DEBUG: Scraped from <200 https://www.yidaiyilu.gov.cn/xwzx/gnxw/46857.htm>
{'crawl_no': '20180222163758588',
 'link': 'https://www.yidaiyilu.gov.cn/xwzx/gnxw/46857.htm',
 'rule_id': 1.0,
 u'test1': None,
 u'test2': None}
2018-02-22 16:40:38 [scrapy.core.engine] DEBUG: Crawled (200) <GET https://www.yidaiyilu.gov.cn/xwzx/gnxw/46635.htm> (referer: https://www.yidaiyilu.gov.cn/)
2018-02-22 16:40:38 [scrapy.core.scraper] DEBUG: Scraped from <200 https://www.yidaiyilu.gov.cn/xwzx/gnxw/46635.htm>
{'crawl_no': '20180222163758588',
 'link': 'https://www.yidaiyilu.gov.cn/xwzx/gnxw/46635.htm',
 'rule_id': 1.0,
 u'test1': None,
 u'test2': None}
2018-02-22 16:40:40 [scrapy.core.engine] DEBUG: Crawled (200) <GET https://www.yidaiyilu.gov.cn/xwzx/gnxw/43043.htm> (referer: https://www.yidaiyilu.gov.cn/)
2018-02-22 16:40:40 [scrapy.core.scraper] DEBUG: Scraped from <200 https://www.yidaiyilu.gov.cn/xwzx/gnxw/43043.htm>
{'crawl_no': '20180222163758588',
 'link': 'https://www.yidaiyilu.gov.cn/xwzx/gnxw/43043.htm',
 'rule_id': 1.0,
 u'test1': None,
 u'test2': None}
2018-02-22 16:40:43 [scrapy.core.engine] DEBUG: Crawled (200) <GET https://www.yidaiyilu.gov.cn/xwzx/hwxw/39903.htm> (referer: https://www.yidaiyilu.gov.cn/)
2018-02-22 16:40:43 [scrapy.core.scraper] DEBUG: Scraped from <200 https://www.yidaiyilu.gov.cn/xwzx/hwxw/39903.htm>
{'crawl_no': '20180222163758588',
 'link': 'https://www.yidaiyilu.gov.cn/xwzx/hwxw/39903.htm',
 'rule_id': 1.0,
 u'test1': None,
 u'test2': None}
2018-02-22 16:40:45 [scrapy.core.engine] DEBUG: Crawled (200) <GET https://www.yidaiyilu.gov.cn/xwzx/hwxw/42487.htm> (referer: https://www.yidaiyilu.gov.cn/)
2018-02-22 16:40:45 [scrapy.core.scraper] DEBUG: Scraped from <200 https://www.yidaiyilu.gov.cn/xwzx/hwxw/42487.htm>
{'crawl_no': '20180222163758588',
 'link': 'https://www.yidaiyilu.gov.cn/xwzx/hwxw/42487.htm',
 'rule_id': 1.0,
 u'test1': None,
 u'test2': None}
2018-02-22 16:40:48 [scrapy.core.engine] DEBUG: Crawled (200) <GET https://www.yidaiyilu.gov.cn/xwzx/hwxw/42849.htm> (referer: https://www.yidaiyilu.gov.cn/)
2018-02-22 16:40:48 [scrapy.core.scraper] DEBUG: Scraped from <200 https://www.yidaiyilu.gov.cn/xwzx/hwxw/42849.htm>
{'crawl_no': '20180222163758588',
 'link': 'https://www.yidaiyilu.gov.cn/xwzx/hwxw/42849.htm',
 'rule_id': 1.0,
 u'test1': None,
 u'test2': None}
2018-02-22 16:40:50 [scrapy.core.engine] DEBUG: Crawled (200) <GET https://www.yidaiyilu.gov.cn/xwzx/hwxw/43035.htm> (referer: https://www.yidaiyilu.gov.cn/)
2018-02-22 16:40:50 [scrapy.core.scraper] DEBUG: Scraped from <200 https://www.yidaiyilu.gov.cn/xwzx/hwxw/43035.htm>
{'crawl_no': '20180222163758588',
 'link': 'https://www.yidaiyilu.gov.cn/xwzx/hwxw/43035.htm',
 'rule_id': 1.0,
 u'test1': None,
 u'test2': None}
2018-02-22 16:40:52 [scrapy.core.engine] DEBUG: Crawled (200) <GET https://www.yidaiyilu.gov.cn/xwzx/hwxw/43417.htm> (referer: https://www.yidaiyilu.gov.cn/)
2018-02-22 16:40:52 [scrapy.core.scraper] DEBUG: Scraped from <200 https://www.yidaiyilu.gov.cn/xwzx/hwxw/43417.htm>
{'crawl_no': '20180222163758588',
 'link': 'https://www.yidaiyilu.gov.cn/xwzx/hwxw/43417.htm',
 'rule_id': 1.0,
 u'test1': None,
 u'test2': None}
2018-02-22 16:40:55 [scrapy.core.engine] DEBUG: Crawled (200) <GET https://www.yidaiyilu.gov.cn/xwzx/hwxw/43814.htm> (referer: https://www.yidaiyilu.gov.cn/)
2018-02-22 16:40:55 [scrapy.core.scraper] DEBUG: Scraped from <200 https://www.yidaiyilu.gov.cn/xwzx/hwxw/43814.htm>
{'crawl_no': '20180222163758588',
 'link': 'https://www.yidaiyilu.gov.cn/xwzx/hwxw/43814.htm',
 'rule_id': 1.0,
 u'test1': None,
 u'test2': None}
2018-02-22 16:40:58 [scrapy.core.engine] DEBUG: Crawled (200) <GET https://www.yidaiyilu.gov.cn/xwzx/hwxw/43807.htm> (referer: https://www.yidaiyilu.gov.cn/)
2018-02-22 16:40:58 [scrapy.core.scraper] DEBUG: Scraped from <200 https://www.yidaiyilu.gov.cn/xwzx/hwxw/43807.htm>
{'crawl_no': '20180222163758588',
 'link': 'https://www.yidaiyilu.gov.cn/xwzx/hwxw/43807.htm',
 'rule_id': 1.0,
 u'test1': None,
 u'test2': None}
2018-02-22 16:41:01 [scrapy.core.engine] DEBUG: Crawled (200) <GET https://www.yidaiyilu.gov.cn/xwzx/hwxw/45056.htm> (referer: https://www.yidaiyilu.gov.cn/)
2018-02-22 16:41:01 [scrapy.core.scraper] DEBUG: Scraped from <200 https://www.yidaiyilu.gov.cn/xwzx/hwxw/45056.htm>
{'crawl_no': '20180222163758588',
 'link': 'https://www.yidaiyilu.gov.cn/xwzx/hwxw/45056.htm',
 'rule_id': 1.0,
 u'test1': None,
 u'test2': None}
2018-02-22 16:41:04 [scrapy.core.engine] DEBUG: Crawled (200) <GET https://www.yidaiyilu.gov.cn/xwzx/hwxw/45504.htm> (referer: https://www.yidaiyilu.gov.cn/)
2018-02-22 16:41:04 [scrapy.core.scraper] DEBUG: Scraped from <200 https://www.yidaiyilu.gov.cn/xwzx/hwxw/45504.htm>
{'crawl_no': '20180222163758588',
 'link': 'https://www.yidaiyilu.gov.cn/xwzx/hwxw/45504.htm',
 'rule_id': 1.0,
 u'test1': None,
 u'test2': None}
2018-02-22 16:41:05 [scrapy.extensions.logstats] INFO: Crawled 73 pages (at 24 pages/min), scraped 72 items (at 24 items/min)
2018-02-22 16:41:06 [scrapy.core.engine] DEBUG: Crawled (200) <GET https://www.yidaiyilu.gov.cn/xwzx/hwxw/46867.htm> (referer: https://www.yidaiyilu.gov.cn/)
2018-02-22 16:41:07 [scrapy.core.scraper] DEBUG: Scraped from <200 https://www.yidaiyilu.gov.cn/xwzx/hwxw/46867.htm>
{'crawl_no': '20180222163758588',
 'link': 'https://www.yidaiyilu.gov.cn/xwzx/hwxw/46867.htm',
 'rule_id': 1.0,
 u'test1': None,
 u'test2': None}
2018-02-22 16:41:09 [scrapy.core.engine] DEBUG: Crawled (200) <GET https://www.yidaiyilu.gov.cn/xwzx/hwxw/47724.htm> (referer: https://www.yidaiyilu.gov.cn/)
2018-02-22 16:41:09 [scrapy.core.scraper] DEBUG: Scraped from <200 https://www.yidaiyilu.gov.cn/xwzx/hwxw/47724.htm>
{'crawl_no': '20180222163758588',
 'link': 'https://www.yidaiyilu.gov.cn/xwzx/hwxw/47724.htm',
 'rule_id': 1.0,
 u'test1': None,
 u'test2': None}
2018-02-22 16:41:11 [scrapy.core.engine] DEBUG: Crawled (200) <GET https://www.yidaiyilu.gov.cn/sy/xxmal/9646.htm> (referer: https://www.yidaiyilu.gov.cn/)
2018-02-22 16:41:11 [scrapy.core.scraper] DEBUG: Scraped from <200 https://www.yidaiyilu.gov.cn/sy/xxmal/9646.htm>
{'crawl_no': '20180222163758588',
 'link': 'https://www.yidaiyilu.gov.cn/sy/xxmal/9646.htm',
 'rule_id': 1.0,
 u'test1': None,
 u'test2': None}
2018-02-22 16:41:14 [scrapy.core.engine] DEBUG: Crawled (200) <GET https://www.yidaiyilu.gov.cn/zchj/jggg/16621.htm> (referer: https://www.yidaiyilu.gov.cn/)
2018-02-22 16:41:14 [scrapy.core.scraper] DEBUG: Scraped from <200 https://www.yidaiyilu.gov.cn/zchj/jggg/16621.htm>
{'crawl_no': '20180222163758588',
 'link': 'https://www.yidaiyilu.gov.cn/zchj/jggg/16621.htm',
 'rule_id': 1.0,
 u'test1': None,
 u'test2': None}
2018-02-22 16:41:15 [scrapy.core.engine] DEBUG: Crawled (200) <GET https://www.yidaiyilu.gov.cn/zchj/zcfg/45994.htm> (referer: https://www.yidaiyilu.gov.cn/)
2018-02-22 16:41:16 [scrapy.core.scraper] DEBUG: Scraped from <200 https://www.yidaiyilu.gov.cn/zchj/zcfg/45994.htm>
{'crawl_no': '20180222163758588',
 'link': 'https://www.yidaiyilu.gov.cn/zchj/zcfg/45994.htm',
 'rule_id': 1.0,
 u'test1': None,
 u'test2': None}
2018-02-22 16:41:18 [scrapy.core.engine] DEBUG: Crawled (200) <GET https://www.yidaiyilu.gov.cn/zchj/qwfb/43480.htm> (referer: https://www.yidaiyilu.gov.cn/)
2018-02-22 16:41:18 [scrapy.core.scraper] DEBUG: Scraped from <200 https://www.yidaiyilu.gov.cn/zchj/qwfb/43480.htm>
{'crawl_no': '20180222163758588',
 'link': 'https://www.yidaiyilu.gov.cn/zchj/qwfb/43480.htm',
 'rule_id': 1.0,
 u'test1': None,
 u'test2': None}
2018-02-22 16:41:21 [scrapy.core.engine] DEBUG: Crawled (200) <GET https://www.yidaiyilu.gov.cn/xwzx/hwxw/48101.htm> (referer: https://www.yidaiyilu.gov.cn/)
2018-02-22 16:41:21 [scrapy.core.scraper] DEBUG: Scraped from <200 https://www.yidaiyilu.gov.cn/xwzx/hwxw/48101.htm>
{'crawl_no': '20180222163758588',
 'link': 'https://www.yidaiyilu.gov.cn/xwzx/hwxw/48101.htm',
 'rule_id': 1.0,
 u'test1': None,
 u'test2': None}
2018-02-22 16:41:23 [scrapy.core.engine] DEBUG: Crawled (200) <GET https://www.yidaiyilu.gov.cn/xwzx/hwxw/48092.htm> (referer: https://www.yidaiyilu.gov.cn/)
2018-02-22 16:41:23 [scrapy.core.scraper] DEBUG: Scraped from <200 https://www.yidaiyilu.gov.cn/xwzx/hwxw/48092.htm>
{'crawl_no': '20180222163758588',
 'link': 'https://www.yidaiyilu.gov.cn/xwzx/hwxw/48092.htm',
 'rule_id': 1.0,
 u'test1': None,
 u'test2': None}
2018-02-22 16:41:26 [scrapy.core.engine] DEBUG: Crawled (200) <GET https://www.yidaiyilu.gov.cn/xwzx/hwxw/47208.htm> (referer: https://www.yidaiyilu.gov.cn/)
2018-02-22 16:41:26 [scrapy.core.scraper] DEBUG: Scraped from <200 https://www.yidaiyilu.gov.cn/xwzx/hwxw/47208.htm>
{'crawl_no': '20180222163758588',
 'link': 'https://www.yidaiyilu.gov.cn/xwzx/hwxw/47208.htm',
 'rule_id': 1.0,
 u'test1': None,
 u'test2': None}
2018-02-22 16:41:29 [scrapy.core.engine] DEBUG: Crawled (200) <GET https://www.yidaiyilu.gov.cn/xwzx/hwxw/47374.htm> (referer: https://www.yidaiyilu.gov.cn/)
2018-02-22 16:41:29 [scrapy.core.scraper] DEBUG: Scraped from <200 https://www.yidaiyilu.gov.cn/xwzx/hwxw/47374.htm>
{'crawl_no': '20180222163758588',
 'link': 'https://www.yidaiyilu.gov.cn/xwzx/hwxw/47374.htm',
 'rule_id': 1.0,
 u'test1': None,
 u'test2': None}
2018-02-22 16:41:32 [scrapy.core.engine] DEBUG: Crawled (200) <GET https://www.yidaiyilu.gov.cn/xwzx/gnxw/47366.htm> (referer: https://www.yidaiyilu.gov.cn/)
2018-02-22 16:41:32 [scrapy.core.scraper] DEBUG: Scraped from <200 https://www.yidaiyilu.gov.cn/xwzx/gnxw/47366.htm>
{'crawl_no': '20180222163758588',
 'link': 'https://www.yidaiyilu.gov.cn/xwzx/gnxw/47366.htm',
 'rule_id': 1.0,
 u'test1': None,
 u'test2': None}
2018-02-22 16:41:34 [scrapy.core.engine] DEBUG: Crawled (200) <GET https://www.yidaiyilu.gov.cn/xwzx/bwdt/47385.htm> (referer: https://www.yidaiyilu.gov.cn/)
2018-02-22 16:41:35 [scrapy.core.scraper] DEBUG: Scraped from <200 https://www.yidaiyilu.gov.cn/xwzx/bwdt/47385.htm>
{'crawl_no': '20180222163758588',
 'link': 'https://www.yidaiyilu.gov.cn/xwzx/bwdt/47385.htm',
 'rule_id': 1.0,
 u'test1': None,
 u'test2': None}
2018-02-22 16:41:36 [scrapy.core.engine] DEBUG: Crawled (200) <GET https://www.yidaiyilu.gov.cn/xwzx/gnxw/47535.htm> (referer: https://www.yidaiyilu.gov.cn/)
2018-02-22 16:41:36 [scrapy.core.scraper] DEBUG: Scraped from <200 https://www.yidaiyilu.gov.cn/xwzx/gnxw/47535.htm>
{'crawl_no': '20180222163758588',
 'link': 'https://www.yidaiyilu.gov.cn/xwzx/gnxw/47535.htm',
 'rule_id': 1.0,
 u'test1': None,
 u'test2': None}
2018-02-22 16:41:38 [scrapy.core.engine] DEBUG: Crawled (200) <GET https://www.yidaiyilu.gov.cn/xwzx/hwxw/45295.htm> (referer: https://www.yidaiyilu.gov.cn/)
2018-02-22 16:41:38 [scrapy.core.scraper] DEBUG: Scraped from <200 https://www.yidaiyilu.gov.cn/xwzx/hwxw/45295.htm>
{'crawl_no': '20180222163758588',
 'link': 'https://www.yidaiyilu.gov.cn/xwzx/hwxw/45295.htm',
 'rule_id': 1.0,
 u'test1': None,
 u'test2': None}
2018-02-22 16:41:40 [scrapy.core.engine] DEBUG: Crawled (200) <GET https://www.yidaiyilu.gov.cn/xwzx/gnxw/46746.htm> (referer: https://www.yidaiyilu.gov.cn/)
2018-02-22 16:41:40 [scrapy.core.scraper] DEBUG: Scraped from <200 https://www.yidaiyilu.gov.cn/xwzx/gnxw/46746.htm>
{'crawl_no': '20180222163758588',
 'link': 'https://www.yidaiyilu.gov.cn/xwzx/gnxw/46746.htm',
 'rule_id': 1.0,
 u'test1': None,
 u'test2': None}
2018-02-22 16:41:43 [scrapy.core.engine] DEBUG: Crawled (200) <GET https://www.yidaiyilu.gov.cn/xwzx/hwxw/46983.htm> (referer: https://www.yidaiyilu.gov.cn/)
2018-02-22 16:41:43 [scrapy.core.scraper] DEBUG: Scraped from <200 https://www.yidaiyilu.gov.cn/xwzx/hwxw/46983.htm>
{'crawl_no': '20180222163758588',
 'link': 'https://www.yidaiyilu.gov.cn/xwzx/hwxw/46983.htm',
 'rule_id': 1.0,
 u'test1': None,
 u'test2': None}
2018-02-22 16:41:46 [scrapy.core.engine] DEBUG: Crawled (200) <GET https://www.yidaiyilu.gov.cn/xwzx/hwxw/47168.htm> (referer: https://www.yidaiyilu.gov.cn/)
2018-02-22 16:41:46 [scrapy.core.scraper] DEBUG: Scraped from <200 https://www.yidaiyilu.gov.cn/xwzx/hwxw/47168.htm>
{'crawl_no': '20180222163758588',
 'link': 'https://www.yidaiyilu.gov.cn/xwzx/hwxw/47168.htm',
 'rule_id': 1.0,
 u'test1': None,
 u'test2': None}
2018-02-22 16:41:49 [scrapy.core.engine] DEBUG: Crawled (200) <GET https://www.yidaiyilu.gov.cn/xwzx/gnxw/47372.htm> (referer: https://www.yidaiyilu.gov.cn/)
2018-02-22 16:41:49 [scrapy.core.scraper] DEBUG: Scraped from <200 https://www.yidaiyilu.gov.cn/xwzx/gnxw/47372.htm>
{'crawl_no': '20180222163758588',
 'link': 'https://www.yidaiyilu.gov.cn/xwzx/gnxw/47372.htm',
 'rule_id': 1.0,
 u'test1': None,
 u'test2': None}
2018-02-22 16:41:51 [scrapy.core.engine] DEBUG: Crawled (200) <GET https://www.yidaiyilu.gov.cn/xwzx/hwxw/48103.htm> (referer: https://www.yidaiyilu.gov.cn/)
2018-02-22 16:41:51 [scrapy.core.scraper] DEBUG: Scraped from <200 https://www.yidaiyilu.gov.cn/xwzx/hwxw/48103.htm>
{'crawl_no': '20180222163758588',
 'link': 'https://www.yidaiyilu.gov.cn/xwzx/hwxw/48103.htm',
 'rule_id': 1.0,
 u'test1': None,
 u'test2': None}
2018-02-22 16:41:53 [scrapy.core.engine] DEBUG: Crawled (200) <GET https://www.yidaiyilu.gov.cn/xwzx/gnxw/47339.htm> (referer: https://www.yidaiyilu.gov.cn/)
2018-02-22 16:41:53 [scrapy.core.scraper] DEBUG: Scraped from <200 https://www.yidaiyilu.gov.cn/xwzx/gnxw/47339.htm>
{'crawl_no': '20180222163758588',
 'link': 'https://www.yidaiyilu.gov.cn/xwzx/gnxw/47339.htm',
 'rule_id': 1.0,
 u'test1': None,
 u'test2': None}
2018-02-22 16:41:55 [scrapy.core.engine] DEBUG: Crawled (200) <GET https://www.yidaiyilu.gov.cn/xwzx/gnxw/47871.htm> (referer: https://www.yidaiyilu.gov.cn/)
2018-02-22 16:41:56 [scrapy.core.scraper] DEBUG: Scraped from <200 https://www.yidaiyilu.gov.cn/xwzx/gnxw/47871.htm>
{'crawl_no': '20180222163758588',
 'link': 'https://www.yidaiyilu.gov.cn/xwzx/gnxw/47871.htm',
 'rule_id': 1.0,
 u'test1': None,
 u'test2': None}
2018-02-22 16:41:58 [scrapy.core.engine] DEBUG: Crawled (200) <GET https://www.yidaiyilu.gov.cn/xwzx/hwxw/48073.htm> (referer: https://www.yidaiyilu.gov.cn/)
2018-02-22 16:41:58 [scrapy.core.scraper] DEBUG: Scraped from <200 https://www.yidaiyilu.gov.cn/xwzx/hwxw/48073.htm>
{'crawl_no': '20180222163758588',
 'link': 'https://www.yidaiyilu.gov.cn/xwzx/hwxw/48073.htm',
 'rule_id': 1.0,
 u'test1': None,
 u'test2': None}
2018-02-22 16:42:01 [scrapy.core.engine] DEBUG: Crawled (200) <GET https://www.yidaiyilu.gov.cn/xwzx/hwxw/48105.htm> (referer: https://www.yidaiyilu.gov.cn/)
2018-02-22 16:42:02 [scrapy.core.scraper] DEBUG: Scraped from <200 https://www.yidaiyilu.gov.cn/xwzx/hwxw/48105.htm>
{'crawl_no': '20180222163758588',
 'link': 'https://www.yidaiyilu.gov.cn/xwzx/hwxw/48105.htm',
 'rule_id': 1.0,
 u'test1': None,
 u'test2': None}
2018-02-22 16:42:03 [scrapy.core.engine] DEBUG: Crawled (200) <GET https://www.yidaiyilu.gov.cn/xwzx/hwxw/48184.htm> (referer: https://www.yidaiyilu.gov.cn/)
2018-02-22 16:42:03 [scrapy.core.scraper] DEBUG: Scraped from <200 https://www.yidaiyilu.gov.cn/xwzx/hwxw/48184.htm>
{'crawl_no': '20180222163758588',
 'link': 'https://www.yidaiyilu.gov.cn/xwzx/hwxw/48184.htm',
 'rule_id': 1.0,
 u'test1': None,
 u'test2': None}
2018-02-22 16:42:05 [scrapy.extensions.logstats] INFO: Crawled 97 pages (at 24 pages/min), scraped 96 items (at 24 items/min)
2018-02-22 16:42:06 [scrapy.core.engine] DEBUG: Crawled (200) <GET https://www.yidaiyilu.gov.cn/xwzx/gnxw/47322.htm> (referer: https://www.yidaiyilu.gov.cn/)
2018-02-22 16:42:06 [scrapy.core.scraper] DEBUG: Scraped from <200 https://www.yidaiyilu.gov.cn/xwzx/gnxw/47322.htm>
{'crawl_no': '20180222163758588',
 'link': 'https://www.yidaiyilu.gov.cn/xwzx/gnxw/47322.htm',
 'rule_id': 1.0,
 u'test1': None,
 u'test2': None}
2018-02-22 16:42:08 [scrapy.core.engine] DEBUG: Crawled (200) <GET https://www.yidaiyilu.gov.cn/xwzx/gnxw/47320.htm> (referer: https://www.yidaiyilu.gov.cn/)
2018-02-22 16:42:08 [scrapy.core.scraper] DEBUG: Scraped from <200 https://www.yidaiyilu.gov.cn/xwzx/gnxw/47320.htm>
{'crawl_no': '20180222163758588',
 'link': 'https://www.yidaiyilu.gov.cn/xwzx/gnxw/47320.htm',
 'rule_id': 1.0,
 u'test1': None,
 u'test2': None}
2018-02-22 16:42:10 [scrapy.core.engine] DEBUG: Crawled (200) <GET https://www.yidaiyilu.gov.cn/xwzx/hwxw/47457.htm> (referer: https://www.yidaiyilu.gov.cn/)
2018-02-22 16:42:11 [scrapy.core.scraper] DEBUG: Scraped from <200 https://www.yidaiyilu.gov.cn/xwzx/hwxw/47457.htm>
{'crawl_no': '20180222163758588',
 'link': 'https://www.yidaiyilu.gov.cn/xwzx/hwxw/47457.htm',
 'rule_id': 1.0,
 u'test1': None,
 u'test2': None}
2018-02-22 16:42:13 [scrapy.core.engine] DEBUG: Crawled (200) <GET https://www.yidaiyilu.gov.cn/xwzx/hwxw/47760.htm> (referer: https://www.yidaiyilu.gov.cn/)
2018-02-22 16:42:13 [scrapy.core.scraper] DEBUG: Scraped from <200 https://www.yidaiyilu.gov.cn/xwzx/hwxw/47760.htm>
{'crawl_no': '20180222163758588',
 'link': 'https://www.yidaiyilu.gov.cn/xwzx/hwxw/47760.htm',
 'rule_id': 1.0,
 u'test1': None,
 u'test2': None}
2018-02-22 16:42:16 [scrapy.core.engine] DEBUG: Crawled (200) <GET https://www.yidaiyilu.gov.cn/xwzx/gnxw/47945.htm> (referer: https://www.yidaiyilu.gov.cn/)
2018-02-22 16:42:16 [scrapy.core.scraper] DEBUG: Scraped from <200 https://www.yidaiyilu.gov.cn/xwzx/gnxw/47945.htm>
{'crawl_no': '20180222163758588',
 'link': 'https://www.yidaiyilu.gov.cn/xwzx/gnxw/47945.htm',
 'rule_id': 1.0,
 u'test1': None,
 u'test2': None}
2018-02-22 16:42:16 [scrapy.core.engine] DEBUG: Crawled (200) <GET https://www.yidaiyilu.gov.cn/xwzx/gnxw/47935.htm> (referer: https://www.yidaiyilu.gov.cn/)
2018-02-22 16:42:16 [scrapy.core.scraper] DEBUG: Scraped from <200 https://www.yidaiyilu.gov.cn/xwzx/gnxw/47935.htm>
{'crawl_no': '20180222163758588',
 'link': 'https://www.yidaiyilu.gov.cn/xwzx/gnxw/47935.htm',
 'rule_id': 1.0,
 u'test1': None,
 u'test2': None}
2018-02-22 16:42:19 [scrapy.core.engine] DEBUG: Crawled (200) <GET https://www.yidaiyilu.gov.cn/zchj/rcjd/2175.htm> (referer: https://www.yidaiyilu.gov.cn/)
2018-02-22 16:42:19 [scrapy.core.scraper] DEBUG: Scraped from <200 https://www.yidaiyilu.gov.cn/zchj/rcjd/2175.htm>
{'crawl_no': '20180222163758588',
 'link': 'https://www.yidaiyilu.gov.cn/zchj/rcjd/2175.htm',
 'rule_id': 1.0,
 u'test1': None,
 u'test2': None}
2018-02-22 16:42:22 [scrapy.core.engine] DEBUG: Crawled (200) <GET https://www.yidaiyilu.gov.cn/ztindex.htm> (referer: https://www.yidaiyilu.gov.cn/)
2018-02-22 16:42:22 [scrapy.core.scraper] DEBUG: Scraped from <200 https://www.yidaiyilu.gov.cn/ztindex.htm>
{'crawl_no': '20180222163758588',
 'link': 'https://www.yidaiyilu.gov.cn/ztindex.htm',
 'rule_id': 1.0,
 u'test1': None,
 u'test2': None}
2018-02-22 16:42:25 [scrapy.core.engine] DEBUG: Crawled (200) <GET https://www.yidaiyilu.gov.cn/zchj/rcjd/2176.htm> (referer: https://www.yidaiyilu.gov.cn/)
2018-02-22 16:42:25 [scrapy.core.scraper] DEBUG: Scraped from <200 https://www.yidaiyilu.gov.cn/zchj/rcjd/2176.htm>
{'crawl_no': '20180222163758588',
 'link': 'https://www.yidaiyilu.gov.cn/zchj/rcjd/2176.htm',
 'rule_id': 1.0,
 u'test1': None,
 u'test2': None}
2018-02-22 16:42:27 [scrapy.core.engine] DEBUG: Crawled (200) <GET https://www.yidaiyilu.gov.cn/zchj/rcjd/2178.htm> (referer: https://www.yidaiyilu.gov.cn/)
2018-02-22 16:42:27 [scrapy.core.scraper] DEBUG: Scraped from <200 https://www.yidaiyilu.gov.cn/zchj/rcjd/2178.htm>
{'crawl_no': '20180222163758588',
 'link': 'https://www.yidaiyilu.gov.cn/zchj/rcjd/2178.htm',
 'rule_id': 1.0,
 u'test1': None,
 u'test2': None}
2018-02-22 16:42:30 [scrapy.core.engine] DEBUG: Crawled (200) <GET https://www.yidaiyilu.gov.cn/zchj/rcjd/2177.htm> (referer: https://www.yidaiyilu.gov.cn/)
2018-02-22 16:42:31 [scrapy.core.scraper] DEBUG: Scraped from <200 https://www.yidaiyilu.gov.cn/zchj/rcjd/2177.htm>
{'crawl_no': '20180222163758588',
 'link': 'https://www.yidaiyilu.gov.cn/zchj/rcjd/2177.htm',
 'rule_id': 1.0,
 u'test1': None,
 u'test2': None}
2018-02-22 16:42:32 [scrapy.core.engine] DEBUG: Crawled (200) <GET https://www.yidaiyilu.gov.cn/zchj/rcjd/958.htm> (referer: https://www.yidaiyilu.gov.cn/)
2018-02-22 16:42:32 [scrapy.core.scraper] DEBUG: Scraped from <200 https://www.yidaiyilu.gov.cn/zchj/rcjd/958.htm>
{'crawl_no': '20180222163758588',
 'link': 'https://www.yidaiyilu.gov.cn/zchj/rcjd/958.htm',
 'rule_id': 1.0,
 u'test1': None,
 u'test2': None}
2018-02-22 16:42:34 [scrapy.core.engine] DEBUG: Crawled (302) <GET http://www.yidaiyilu.gov.cn/slyww.htm> (referer: None)
2018-02-22 16:42:34 [scrapy.core.scraper] DEBUG: Scraped from <302 http://www.yidaiyilu.gov.cn/slyww.htm>
{'crawl_no': '20180222163758588',
 'link': 'http://www.yidaiyilu.gov.cn/slyww.htm',
 'rule_id': 1.0,
 u'test1': None,
 u'test2': None}
2018-02-22 16:42:37 [scrapy.core.engine] DEBUG: Crawled (200) <GET https://www.yidaiyilu.gov.cn/ghsl/zthd/28208.htm> (referer: https://www.yidaiyilu.gov.cn/)
2018-02-22 16:42:37 [scrapy.core.scraper] DEBUG: Scraped from <200 https://www.yidaiyilu.gov.cn/ghsl/zthd/28208.htm>
{'crawl_no': '20180222163758588',
 'link': 'https://www.yidaiyilu.gov.cn/ghsl/zthd/28208.htm',
 'rule_id': 1.0,
 u'test1': None,
 u'test2': None}
2018-02-22 16:42:39 [scrapy.core.engine] DEBUG: Crawled (200) <GET https://www.yidaiyilu.gov.cn/zchj/zcfg/41379.htm> (referer: https://www.yidaiyilu.gov.cn/)
2018-02-22 16:42:39 [scrapy.core.scraper] ERROR: Error downloading <GET https://www.yidaiyilu.gov.cn/xwzx/hwxw/48458.htm>
Traceback (most recent call last):
  File "/Volumes/FHCLK/develop/python/commonCrawler/lib/python2.7/site-packages/twisted/internet/defer.py", line 1386, in _inlineCallbacks
    result = g.send(result)
  File "/Volumes/FHCLK/develop/python/commonCrawler/lib/python2.7/site-packages/scrapy/core/downloader/middleware.py", line 37, in process_request
    response = yield method(request=request, spider=spider)
  File "bigSpider/middlewares.py", line 78, in process_request
    request.headers.setdefault('User_Agent',get_ua())
  File "bigSpider/middlewares.py", line 76, in get_ua
    return getattr(self.ua,self.ua_type)
  File "/Volumes/FHCLK/develop/python/commonCrawler/lib/python2.7/site-packages/fake_useragent/fake.py", line 139, in __getattr__
    raise FakeUserAgentError('Error occurred during getting browser')  # noqa
FakeUserAgentError: Error occurred during getting browser
2018-02-22 16:42:39 [scrapy.core.scraper] DEBUG: Scraped from <200 https://www.yidaiyilu.gov.cn/zchj/zcfg/41379.htm>
{'crawl_no': '20180222163758588',
 'link': 'https://www.yidaiyilu.gov.cn/zchj/zcfg/41379.htm',
 'rule_id': 1.0,
 u'test1': None,
 u'test2': None}
2018-02-22 16:42:41 [scrapy.core.engine] DEBUG: Crawled (200) <GET https://www.yidaiyilu.gov.cn/xwzx/dfdt/47677.htm> (referer: https://www.yidaiyilu.gov.cn/)
2018-02-22 16:42:41 [scrapy.core.scraper] DEBUG: Scraped from <200 https://www.yidaiyilu.gov.cn/xwzx/dfdt/47677.htm>
{'crawl_no': '20180222163758588',
 'link': 'https://www.yidaiyilu.gov.cn/xwzx/dfdt/47677.htm',
 'rule_id': 1.0,
 u'test1': None,
 u'test2': None}
2018-02-22 16:42:43 [scrapy.core.engine] DEBUG: Crawled (200) <GET https://www.yidaiyilu.gov.cn/xwzx/dfdt/47669.htm> (referer: https://www.yidaiyilu.gov.cn/)
2018-02-22 16:42:43 [scrapy.core.scraper] DEBUG: Scraped from <200 https://www.yidaiyilu.gov.cn/xwzx/dfdt/47669.htm>
{'crawl_no': '20180222163758588',
 'link': 'https://www.yidaiyilu.gov.cn/xwzx/dfdt/47669.htm',
 'rule_id': 1.0,
 u'test1': None,
 u'test2': None}
2018-02-22 16:42:44 [scrapy.core.engine] DEBUG: Crawled (200) <GET https://www.yidaiyilu.gov.cn/xwzx/dfdt/47829.htm> (referer: https://www.yidaiyilu.gov.cn/)
2018-02-22 16:42:45 [scrapy.core.scraper] DEBUG: Scraped from <200 https://www.yidaiyilu.gov.cn/xwzx/dfdt/47829.htm>
{'crawl_no': '20180222163758588',
 'link': 'https://www.yidaiyilu.gov.cn/xwzx/dfdt/47829.htm',
 'rule_id': 1.0,
 u'test1': None,
 u'test2': None}
2018-02-22 16:42:47 [scrapy.core.engine] DEBUG: Crawled (200) <GET https://www.yidaiyilu.gov.cn/xwzx/dfdt/47844.htm> (referer: https://www.yidaiyilu.gov.cn/)
2018-02-22 16:42:48 [scrapy.core.scraper] DEBUG: Scraped from <200 https://www.yidaiyilu.gov.cn/xwzx/dfdt/47844.htm>
{'crawl_no': '20180222163758588',
 'link': 'https://www.yidaiyilu.gov.cn/xwzx/dfdt/47844.htm',
 'rule_id': 1.0,
 u'test1': None,
 u'test2': None}
2018-02-22 16:42:50 [scrapy.core.engine] DEBUG: Crawled (200) <GET https://www.yidaiyilu.gov.cn/xwzx/dfdt/47850.htm> (referer: https://www.yidaiyilu.gov.cn/)
2018-02-22 16:42:51 [scrapy.core.scraper] DEBUG: Scraped from <200 https://www.yidaiyilu.gov.cn/xwzx/dfdt/47850.htm>
{'crawl_no': '20180222163758588',
 'link': 'https://www.yidaiyilu.gov.cn/xwzx/dfdt/47850.htm',
 'rule_id': 1.0,
 u'test1': None,
 u'test2': None}
2018-02-22 16:42:53 [scrapy.core.engine] DEBUG: Crawled (200) <GET https://www.yidaiyilu.gov.cn/xwzx/dfdt/48254.htm> (referer: https://www.yidaiyilu.gov.cn/)
2018-02-22 16:42:53 [scrapy.core.scraper] DEBUG: Scraped from <200 https://www.yidaiyilu.gov.cn/xwzx/dfdt/48254.htm>
{'crawl_no': '20180222163758588',
 'link': 'https://www.yidaiyilu.gov.cn/xwzx/dfdt/48254.htm',
 'rule_id': 1.0,
 u'test1': None,
 u'test2': None}
2018-02-22 16:42:56 [scrapy.core.engine] DEBUG: Crawled (200) <GET https://www.yidaiyilu.gov.cn/xwzx/dfdt/48382.htm> (referer: https://www.yidaiyilu.gov.cn/)
2018-02-22 16:42:56 [scrapy.core.scraper] DEBUG: Scraped from <200 https://www.yidaiyilu.gov.cn/xwzx/dfdt/48382.htm>
{'crawl_no': '20180222163758588',
 'link': 'https://www.yidaiyilu.gov.cn/xwzx/dfdt/48382.htm',
 'rule_id': 1.0,
 u'test1': None,
 u'test2': None}
2018-02-22 16:42:59 [scrapy.core.engine] DEBUG: Crawled (200) <GET https://www.yidaiyilu.gov.cn/xwzx/dfdt/48387.htm> (referer: https://www.yidaiyilu.gov.cn/)
2018-02-22 16:43:00 [scrapy.core.scraper] DEBUG: Scraped from <200 https://www.yidaiyilu.gov.cn/xwzx/dfdt/48387.htm>
{'crawl_no': '20180222163758588',
 'link': 'https://www.yidaiyilu.gov.cn/xwzx/dfdt/48387.htm',
 'rule_id': 1.0,
 u'test1': None,
 u'test2': None}
2018-02-22 16:43:02 [scrapy.core.engine] DEBUG: Crawled (200) <GET https://www.yidaiyilu.gov.cn/xwzx/hwxw/48245.htm> (referer: https://www.yidaiyilu.gov.cn/)
2018-02-22 16:43:02 [scrapy.core.scraper] DEBUG: Scraped from <200 https://www.yidaiyilu.gov.cn/xwzx/hwxw/48245.htm>
{'crawl_no': '20180222163758588',
 'link': 'https://www.yidaiyilu.gov.cn/xwzx/hwxw/48245.htm',
 'rule_id': 1.0,
 u'test1': None,
 u'test2': None}
2018-02-22 16:43:04 [scrapy.core.engine] DEBUG: Crawled (200) <GET https://www.yidaiyilu.gov.cn/xwzx/hwxw/48415.htm> (referer: https://www.yidaiyilu.gov.cn/)
2018-02-22 16:43:05 [scrapy.core.scraper] DEBUG: Scraped from <200 https://www.yidaiyilu.gov.cn/xwzx/hwxw/48415.htm>
{'crawl_no': '20180222163758588',
 'link': 'https://www.yidaiyilu.gov.cn/xwzx/hwxw/48415.htm',
 'rule_id': 1.0,
 u'test1': None,
 u'test2': None}
2018-02-22 16:43:05 [scrapy.extensions.logstats] INFO: Crawled 122 pages (at 25 pages/min), scraped 121 items (at 25 items/min)
2018-02-22 16:43:07 [scrapy.core.engine] DEBUG: Crawled (200) <GET https://www.yidaiyilu.gov.cn/xwzx/hwxw/48410.htm> (referer: https://www.yidaiyilu.gov.cn/)
2018-02-22 16:43:07 [scrapy.core.scraper] DEBUG: Scraped from <200 https://www.yidaiyilu.gov.cn/xwzx/hwxw/48410.htm>
{'crawl_no': '20180222163758588',
 'link': 'https://www.yidaiyilu.gov.cn/xwzx/hwxw/48410.htm',
 'rule_id': 1.0,
 u'test1': None,
 u'test2': None}
2018-02-22 16:43:10 [scrapy.core.engine] DEBUG: Crawled (200) <GET https://www.yidaiyilu.gov.cn/xwzx/hwxw/48407.htm> (referer: https://www.yidaiyilu.gov.cn/)
2018-02-22 16:43:10 [scrapy.core.scraper] DEBUG: Scraped from <200 https://www.yidaiyilu.gov.cn/xwzx/hwxw/48407.htm>
{'crawl_no': '20180222163758588',
 'link': 'https://www.yidaiyilu.gov.cn/xwzx/hwxw/48407.htm',
 'rule_id': 1.0,
 u'test1': None,
 u'test2': None}
2018-02-22 16:43:13 [scrapy.core.engine] DEBUG: Crawled (200) <GET https://www.yidaiyilu.gov.cn/xwzx/hwxw/48435.htm> (referer: https://www.yidaiyilu.gov.cn/)
2018-02-22 16:43:13 [scrapy.core.scraper] DEBUG: Scraped from <200 https://www.yidaiyilu.gov.cn/xwzx/hwxw/48435.htm>
{'crawl_no': '20180222163758588',
 'link': 'https://www.yidaiyilu.gov.cn/xwzx/hwxw/48435.htm',
 'rule_id': 1.0,
 u'test1': None,
 u'test2': None}
2018-02-22 16:43:16 [scrapy.core.engine] DEBUG: Crawled (200) <GET https://www.yidaiyilu.gov.cn/xwzx/hwxw/48439.htm> (referer: https://www.yidaiyilu.gov.cn/)
2018-02-22 16:43:16 [scrapy.core.scraper] DEBUG: Scraped from <200 https://www.yidaiyilu.gov.cn/xwzx/hwxw/48439.htm>
{'crawl_no': '20180222163758588',
 'link': 'https://www.yidaiyilu.gov.cn/xwzx/hwxw/48439.htm',
 'rule_id': 1.0,
 u'test1': None,
 u'test2': None}
2018-02-22 16:43:19 [scrapy.core.engine] DEBUG: Crawled (200) <GET https://www.yidaiyilu.gov.cn/xwzx/hwxw/48456.htm> (referer: https://www.yidaiyilu.gov.cn/)
2018-02-22 16:43:19 [scrapy.core.scraper] DEBUG: Scraped from <200 https://www.yidaiyilu.gov.cn/xwzx/hwxw/48456.htm>
{'crawl_no': '20180222163758588',
 'link': 'https://www.yidaiyilu.gov.cn/xwzx/hwxw/48456.htm',
 'rule_id': 1.0,
 u'test1': None,
 u'test2': None}
2018-02-22 16:43:21 [scrapy.core.engine] DEBUG: Crawled (200) <GET https://www.yidaiyilu.gov.cn/xwzx/hwxw/48402.htm> (referer: https://www.yidaiyilu.gov.cn/)
2018-02-22 16:43:21 [scrapy.core.scraper] DEBUG: Scraped from <200 https://www.yidaiyilu.gov.cn/xwzx/hwxw/48402.htm>
{'crawl_no': '20180222163758588',
 'link': 'https://www.yidaiyilu.gov.cn/xwzx/hwxw/48402.htm',
 'rule_id': 1.0,
 u'test1': None,
 u'test2': None}
2018-02-22 16:43:23 [scrapy.core.engine] DEBUG: Crawled (200) <GET https://www.yidaiyilu.gov.cn/xwzx/gnxw/48394.htm> (referer: https://www.yidaiyilu.gov.cn/)
2018-02-22 16:43:23 [scrapy.core.scraper] DEBUG: Scraped from <200 https://www.yidaiyilu.gov.cn/xwzx/gnxw/48394.htm>
{'crawl_no': '20180222163758588',
 'link': 'https://www.yidaiyilu.gov.cn/xwzx/gnxw/48394.htm',
 'rule_id': 1.0,
 u'test1': None,
 u'test2': None}
2018-02-22 16:43:26 [scrapy.core.engine] DEBUG: Crawled (200) <GET https://www.yidaiyilu.gov.cn/xwzx/gnxw/48429.htm> (referer: https://www.yidaiyilu.gov.cn/)
2018-02-22 16:43:26 [scrapy.core.scraper] ERROR: Error downloading <GET https://www.yidaiyilu.gov.cn/xwzx/roll/48438.htm>
Traceback (most recent call last):
  File "/Volumes/FHCLK/develop/python/commonCrawler/lib/python2.7/site-packages/twisted/internet/defer.py", line 1386, in _inlineCallbacks
    result = g.send(result)
  File "/Volumes/FHCLK/develop/python/commonCrawler/lib/python2.7/site-packages/scrapy/core/downloader/middleware.py", line 37, in process_request
    response = yield method(request=request, spider=spider)
  File "bigSpider/middlewares.py", line 78, in process_request
    request.headers.setdefault('User_Agent',get_ua())
  File "bigSpider/middlewares.py", line 76, in get_ua
    return getattr(self.ua,self.ua_type)
  File "/Volumes/FHCLK/develop/python/commonCrawler/lib/python2.7/site-packages/fake_useragent/fake.py", line 139, in __getattr__
    raise FakeUserAgentError('Error occurred during getting browser')  # noqa
FakeUserAgentError: Error occurred during getting browser
2018-02-22 16:43:26 [scrapy.core.scraper] DEBUG: Scraped from <200 https://www.yidaiyilu.gov.cn/xwzx/gnxw/48429.htm>
{'crawl_no': '20180222163758588',
 'link': 'https://www.yidaiyilu.gov.cn/xwzx/gnxw/48429.htm',
 'rule_id': 1.0,
 u'test1': None,
 u'test2': None}
2018-02-22 16:43:29 [scrapy.core.engine] DEBUG: Crawled (200) <GET https://www.yidaiyilu.gov.cn/xwzx/gnxw/48431.htm> (referer: https://www.yidaiyilu.gov.cn/)
2018-02-22 16:43:29 [scrapy.core.scraper] DEBUG: Scraped from <200 https://www.yidaiyilu.gov.cn/xwzx/gnxw/48431.htm>
{'crawl_no': '20180222163758588',
 'link': 'https://www.yidaiyilu.gov.cn/xwzx/gnxw/48431.htm',
 'rule_id': 1.0,
 u'test1': None,
 u'test2': None}
2018-02-22 16:43:32 [scrapy.core.engine] DEBUG: Crawled (200) <GET https://www.yidaiyilu.gov.cn/datasearch.htm?1> (referer: https://www.yidaiyilu.gov.cn/)
2018-02-22 16:43:32 [scrapy.core.scraper] DEBUG: Scraped from <200 https://www.yidaiyilu.gov.cn/datasearch.htm?1>
{'crawl_no': '20180222163758588',
 'link': 'https://www.yidaiyilu.gov.cn/datasearch.htm?1',
 'rule_id': 1.0,
 u'test1': None,
 u'test2': None}
2018-02-22 16:43:35 [scrapy.core.engine] DEBUG: Crawled (200) <GET https://www.yidaiyilu.gov.cn/zchj.htm> (referer: https://www.yidaiyilu.gov.cn/)
2018-02-22 16:43:35 [scrapy.core.scraper] DEBUG: Scraped from <200 https://www.yidaiyilu.gov.cn/zchj.htm>
{'crawl_no': '20180222163758588',
 'link': 'https://www.yidaiyilu.gov.cn/zchj.htm',
 'rule_id': 1.0,
 u'test1': None,
 u'test2': None}
2018-02-22 16:43:38 [scrapy.core.engine] DEBUG: Crawled (200) <GET https://www.yidaiyilu.gov.cn/yw.htm> (referer: https://www.yidaiyilu.gov.cn/)
2018-02-22 16:43:38 [scrapy.core.scraper] DEBUG: Scraped from <200 https://www.yidaiyilu.gov.cn/yw.htm>
{'crawl_no': '20180222163758588',
 'link': 'https://www.yidaiyilu.gov.cn/yw.htm',
 'rule_id': 1.0,
 u'test1': None,
 u'test2': None}
2018-02-22 16:43:40 [scrapy.core.engine] DEBUG: Crawled (200) <GET https://www.yidaiyilu.gov.cn/index.htm> (referer: https://www.yidaiyilu.gov.cn/)
2018-02-22 16:43:40 [scrapy.core.scraper] DEBUG: Scraped from <200 https://www.yidaiyilu.gov.cn/index.htm>
{'crawl_no': '20180222163758588',
 'link': 'https://www.yidaiyilu.gov.cn/index.htm',
 'rule_id': 1.0,
 u'test1': u'<a href="/xwzx/hwxw/47457.htm" target="_blank" title="\u4e2d\u56fd\u548c\u7231\u6c99\u5c3c\u4e9a\u671f\u5f85\u6df1\u5316\u79d1\u6280\u9886\u57df\u5408\u4f5c \u52a9\u529b\u201c\u4e00\u5e26\u4e00\u8def\u201d\u5efa\u8bbe">\u4e2d\u56fd\u548c\u7231\u6c99\u5c3c\u4e9a\u671f\u5f85\u6df1\u5316\u79d1\u6280\u9886\u57df\u5408\u4f5c \u52a9\u529b\u201c\u4e00\u5e26\u4e00\u8def\u201d\u5efa\u8bbe</a>',
 u'test2': u'<a href="/xwzx/hwxw/48402.htm" target="_blank" title="\u9a6c\u5176\u987f\u9ad8\u901f\u8def\u9879\u76ee\u4e2d\u56fd\u5efa\u8bbe\u8005\u7684\u6625\u8282\uff1a\u73af\u5883\u8270\u82e6 \u5176\u4e50\u878d\u878d" style="\n    font-size: 18px;\n">\u9a6c\u5176\u987f\u9ad8\u901f\u8def\u9879\u76ee\u4e2d\u56fd\u5efa\u8bbe\u8005\u7684\u6625\u8282\uff1a\u73af\u5883\u8270\u82e6 \u5176\u4e50\u878d\u878d</a>'}
2018-02-22 16:43:43 [scrapy.core.engine] DEBUG: Crawled (200) <GET https://www.yidaiyilu.gov.cn/xwzx/roll/48424.htm> (referer: https://www.yidaiyilu.gov.cn/)
2018-02-22 16:43:43 [scrapy.core.scraper] DEBUG: Scraped from <200 https://www.yidaiyilu.gov.cn/xwzx/roll/48424.htm>
{'crawl_no': '20180222163758588',
 'link': 'https://www.yidaiyilu.gov.cn/xwzx/roll/48424.htm',
 'rule_id': 1.0,
 u'test1': None,
 u'test2': None}
2018-02-22 16:43:46 [scrapy.core.engine] DEBUG: Crawled (200) <GET https://www.yidaiyilu.gov.cn/xwzx/roll/48422.htm> (referer: https://www.yidaiyilu.gov.cn/)
2018-02-22 16:43:46 [scrapy.core.scraper] DEBUG: Scraped from <200 https://www.yidaiyilu.gov.cn/xwzx/roll/48422.htm>
{'crawl_no': '20180222163758588',
 'link': 'https://www.yidaiyilu.gov.cn/xwzx/roll/48422.htm',
 'rule_id': 1.0,
 u'test1': None,
 u'test2': None}
2018-02-22 16:43:48 [scrapy.core.engine] DEBUG: Crawled (200) <GET https://www.yidaiyilu.gov.cn/xwzx/roll/48420.htm> (referer: https://www.yidaiyilu.gov.cn/)
2018-02-22 16:43:48 [scrapy.core.scraper] DEBUG: Scraped from <200 https://www.yidaiyilu.gov.cn/xwzx/roll/48420.htm>
{'crawl_no': '20180222163758588',
 'link': 'https://www.yidaiyilu.gov.cn/xwzx/roll/48420.htm',
 'rule_id': 1.0,
 u'test1': None,
 u'test2': None}
2018-02-22 16:43:50 [scrapy.core.engine] DEBUG: Crawled (200) <GET https://www.yidaiyilu.gov.cn/xwzx/roll/48416.htm> (referer: https://www.yidaiyilu.gov.cn/)
2018-02-22 16:43:51 [scrapy.core.scraper] DEBUG: Scraped from <200 https://www.yidaiyilu.gov.cn/xwzx/roll/48416.htm>
{'crawl_no': '20180222163758588',
 'link': 'https://www.yidaiyilu.gov.cn/xwzx/roll/48416.htm',
 'rule_id': 1.0,
 u'test1': None,
 u'test2': None}
2018-02-22 16:43:52 [scrapy.core.engine] DEBUG: Crawled (200) <GET https://www.yidaiyilu.gov.cn/xwzx/roll/48411.htm> (referer: https://www.yidaiyilu.gov.cn/)
2018-02-22 16:43:53 [scrapy.core.scraper] DEBUG: Scraped from <200 https://www.yidaiyilu.gov.cn/xwzx/roll/48411.htm>
{'crawl_no': '20180222163758588',
 'link': 'https://www.yidaiyilu.gov.cn/xwzx/roll/48411.htm',
 'rule_id': 1.0,
 u'test1': None,
 u'test2': None}
2018-02-22 16:43:55 [scrapy.core.engine] DEBUG: Crawled (200) <GET https://www.yidaiyilu.gov.cn/xwzx/roll/48408.htm> (referer: https://www.yidaiyilu.gov.cn/)
2018-02-22 16:43:56 [scrapy.core.scraper] DEBUG: Scraped from <200 https://www.yidaiyilu.gov.cn/xwzx/roll/48408.htm>
{'crawl_no': '20180222163758588',
 'link': 'https://www.yidaiyilu.gov.cn/xwzx/roll/48408.htm',
 'rule_id': 1.0,
 u'test1': None,
 u'test2': None}
2018-02-22 16:43:58 [scrapy.core.engine] DEBUG: Crawled (200) <GET https://www.yidaiyilu.gov.cn/xwzx/roll/48403.htm> (referer: https://www.yidaiyilu.gov.cn/)
2018-02-22 16:43:58 [scrapy.core.scraper] DEBUG: Scraped from <200 https://www.yidaiyilu.gov.cn/xwzx/roll/48403.htm>
{'crawl_no': '20180222163758588',
 'link': 'https://www.yidaiyilu.gov.cn/xwzx/roll/48403.htm',
 'rule_id': 1.0,
 u'test1': None,
 u'test2': None}
2018-02-22 16:44:00 [scrapy.core.engine] DEBUG: Crawled (200) <GET https://www.yidaiyilu.gov.cn/xwzx/roll/48395.htm> (referer: https://www.yidaiyilu.gov.cn/)
2018-02-22 16:44:00 [scrapy.core.scraper] DEBUG: Scraped from <200 https://www.yidaiyilu.gov.cn/xwzx/roll/48395.htm>
{'crawl_no': '20180222163758588',
 'link': 'https://www.yidaiyilu.gov.cn/xwzx/roll/48395.htm',
 'rule_id': 1.0,
 u'test1': None,
 u'test2': None}
2018-02-22 16:44:02 [scrapy.core.engine] DEBUG: Crawled (200) <GET https://www.yidaiyilu.gov.cn/xwzx/roll/48125.htm> (referer: https://www.yidaiyilu.gov.cn/)
2018-02-22 16:44:02 [scrapy.core.scraper] DEBUG: Scraped from <200 https://www.yidaiyilu.gov.cn/xwzx/roll/48125.htm>
{'crawl_no': '20180222163758588',
 'link': 'https://www.yidaiyilu.gov.cn/xwzx/roll/48125.htm',
 'rule_id': 1.0,
 u'test1': None,
 u'test2': None}
2018-02-22 16:44:05 [scrapy.core.engine] DEBUG: Crawled (200) <GET https://www.yidaiyilu.gov.cn/xwzx/roll/48440.htm> (referer: https://www.yidaiyilu.gov.cn/)
2018-02-22 16:44:05 [scrapy.core.scraper] DEBUG: Scraped from <200 https://www.yidaiyilu.gov.cn/xwzx/roll/48440.htm>
{'crawl_no': '20180222163758588',
 'link': 'https://www.yidaiyilu.gov.cn/xwzx/roll/48440.htm',
 'rule_id': 1.0,
 u'test1': None,
 u'test2': None}
2018-02-22 16:44:05 [scrapy.extensions.logstats] INFO: Crawled 145 pages (at 23 pages/min), scraped 144 items (at 23 items/min)
2018-02-22 16:44:08 [scrapy.core.engine] DEBUG: Crawled (200) <GET https://www.yidaiyilu.gov.cn/xwzx/roll/48436.htm> (referer: https://www.yidaiyilu.gov.cn/)
2018-02-22 16:44:08 [scrapy.core.scraper] DEBUG: Scraped from <200 https://www.yidaiyilu.gov.cn/xwzx/roll/48436.htm>
{'crawl_no': '20180222163758588',
 'link': 'https://www.yidaiyilu.gov.cn/xwzx/roll/48436.htm',
 'rule_id': 1.0,
 u'test1': None,
 u'test2': None}
2018-02-22 16:44:10 [scrapy.core.engine] DEBUG: Crawled (200) <GET https://www.yidaiyilu.gov.cn/xwzx/roll/48432.htm> (referer: https://www.yidaiyilu.gov.cn/)
2018-02-22 16:44:10 [scrapy.core.scraper] DEBUG: Scraped from <200 https://www.yidaiyilu.gov.cn/xwzx/roll/48432.htm>
{'crawl_no': '20180222163758588',
 'link': 'https://www.yidaiyilu.gov.cn/xwzx/roll/48432.htm',
 'rule_id': 1.0,
 u'test1': None,
 u'test2': None}
2018-02-22 16:44:13 [scrapy.core.engine] DEBUG: Crawled (200) <GET https://www.yidaiyilu.gov.cn/xwzx/roll/48430.htm> (referer: https://www.yidaiyilu.gov.cn/)
2018-02-22 16:44:13 [scrapy.core.scraper] DEBUG: Scraped from <200 https://www.yidaiyilu.gov.cn/xwzx/roll/48430.htm>
{'crawl_no': '20180222163758588',
 'link': 'https://www.yidaiyilu.gov.cn/xwzx/roll/48430.htm',
 'rule_id': 1.0,
 u'test1': None,
 u'test2': None}
2018-02-22 16:44:15 [scrapy.core.engine] DEBUG: Crawled (200) <GET https://www.yidaiyilu.gov.cn/xwzx/roll/48464.htm> (referer: https://www.yidaiyilu.gov.cn/)
2018-02-22 16:44:15 [scrapy.core.scraper] DEBUG: Scraped from <200 https://www.yidaiyilu.gov.cn/xwzx/roll/48464.htm>
{'crawl_no': '20180222163758588',
 'link': 'https://www.yidaiyilu.gov.cn/xwzx/roll/48464.htm',
 'rule_id': 1.0,
 u'test1': None,
 u'test2': None}
2018-02-22 16:44:17 [scrapy.core.engine] DEBUG: Crawled (200) <GET https://www.yidaiyilu.gov.cn/xwzx/roll/48459.htm> (referer: https://www.yidaiyilu.gov.cn/)
2018-02-22 16:44:18 [scrapy.core.scraper] DEBUG: Scraped from <200 https://www.yidaiyilu.gov.cn/xwzx/roll/48459.htm>
{'crawl_no': '20180222163758588',
 'link': 'https://www.yidaiyilu.gov.cn/xwzx/roll/48459.htm',
 'rule_id': 1.0,
 u'test1': None,
 u'test2': None}
2018-02-22 16:44:20 [scrapy.core.engine] DEBUG: Crawled (200) <GET https://www.yidaiyilu.gov.cn/xwzx/roll/48457.htm> (referer: https://www.yidaiyilu.gov.cn/)
2018-02-22 16:44:20 [scrapy.core.scraper] DEBUG: Scraped from <200 https://www.yidaiyilu.gov.cn/xwzx/roll/48457.htm>
{'crawl_no': '20180222163758588',
 'link': 'https://www.yidaiyilu.gov.cn/xwzx/roll/48457.htm',
 'rule_id': 1.0,
 u'test1': None,
 u'test2': None}
2018-02-22 16:44:23 [scrapy.core.engine] DEBUG: Crawled (200) <GET https://www.yidaiyilu.gov.cn/xwzx/roll/48448.htm> (referer: https://www.yidaiyilu.gov.cn/)
2018-02-22 16:44:23 [scrapy.core.scraper] DEBUG: Scraped from <200 https://www.yidaiyilu.gov.cn/xwzx/roll/48448.htm>
{'crawl_no': '20180222163758588',
 'link': 'https://www.yidaiyilu.gov.cn/xwzx/roll/48448.htm',
 'rule_id': 1.0,
 u'test1': None,
 u'test2': None}
2018-02-22 16:44:26 [scrapy.core.engine] DEBUG: Crawled (200) <GET https://www.yidaiyilu.gov.cn/xwzx/roll/48446.htm> (referer: https://www.yidaiyilu.gov.cn/)
2018-02-22 16:44:26 [scrapy.core.scraper] DEBUG: Scraped from <200 https://www.yidaiyilu.gov.cn/xwzx/roll/48446.htm>
{'crawl_no': '20180222163758588',
 'link': 'https://www.yidaiyilu.gov.cn/xwzx/roll/48446.htm',
 'rule_id': 1.0,
 u'test1': None,
 u'test2': None}
2018-02-22 16:44:26 [scrapy.core.engine] INFO: Closing spider (finished)
2018-02-22 16:44:26 [scrapy.statscollectors] INFO: Dumping Scrapy stats:
{'downloader/exception_count': 5,
 'downloader/exception_type_count/fake_useragent.errors.FakeUserAgentError': 5,
 'downloader/request_bytes': 63128,
 'downloader/request_count': 153,
 'downloader/request_method_count/GET': 153,
 'downloader/response_bytes': 2249693,
 'downloader/response_count': 153,
 'downloader/response_status_count/200': 146,
 'downloader/response_status_count/302': 7,
 'finish_reason': 'finished',
 'finish_time': datetime.datetime(2018, 2, 22, 8, 44, 26, 167214),
 'item_scraped_count': 152,
 'log_count/DEBUG': 307,
 'log_count/ERROR': 5,
 'log_count/INFO': 13,
 'log_count/WARNING': 9,
 'memusage/max': 86597632,
 'memusage/startup': 59224064,
 'offsite/domains': 1,
 'offsite/filtered': 1,
 'request_depth_max': 1,
 'response_received_count': 153,
 'scheduler/dequeued': 158,
 'scheduler/dequeued/memory': 158,
 'scheduler/enqueued': 158,
 'scheduler/enqueued/memory': 158,
 'start_time': datetime.datetime(2018, 2, 22, 8, 38, 5, 951709)}
2018-02-22 16:44:26 [scrapy.core.engine] INFO: Spider closed (finished)
